In file included from /home/xu/esp/test/micro_ros_espidf_component/micro_ros_src/src/rcutils/src/env.c:20:
/home/xu/esp/v4.4/esp-idf/components/newlib/platform_include/errno.h:10:2: warning: #include_next is a GCC extension
 #include_next "errno.h"
  ^~~~~~~~~~~~
In file included from /home/xu/esp/test/micro_ros_espidf_component/micro_ros_src/src/rcutils/src/filesystem.c:21:
/home/xu/esp/v4.4/esp-idf/components/newlib/platform_include/errno.h:10:2: warning: #include_next is a GCC extension
 #include_next "errno.h"
  ^~~~~~~~~~~~
In file included from /home/xu/esp/test/micro_ros_espidf_component/micro_ros_src/src/rcutils/include/rcutils/error_handling.h:28,
                 from /home/xu/esp/test/micro_ros_espidf_component/micro_ros_src/src/rcutils/src/char_array.c:16:
/home/xu/esp/v4.4/esp-idf/components/newlib/platform_include/assert.h:24:2: warning: #include_next is a GCC extension
 #include_next <assert.h>
  ^~~~~~~~~~~~
In file included from /home/xu/esp/test/micro_ros_espidf_component/micro_ros_src/src/rcutils/include/rcutils/error_handling.h:28,
                 from /home/xu/esp/test/micro_ros_espidf_component/micro_ros_src/src/rcutils/src/error_handling.c:22:
/home/xu/esp/v4.4/esp-idf/components/newlib/platform_include/assert.h:24:2: warning: #include_next is a GCC extension
 #include_next <assert.h>
  ^~~~~~~~~~~~
In file included from /home/xu/esp/test/micro_ros_espidf_component/micro_ros_src/src/rcutils/src/error_handling.c:35:
/home/xu/esp/test/micro_ros_espidf_component/micro_ros_src/src/rcutils/src/./error_handling_helpers.h: In function '__rcutils_convert_uint64_t_into_c_str':
/home/xu/esp/test/micro_ros_espidf_component/micro_ros_src/src/rcutils/src/./error_handling_helpers.h:109:48: warning: unused parameter 'number' [-Wunused-parameter]
 __rcutils_convert_uint64_t_into_c_str(uint64_t number, char * buffer, size_t buffer_size)
                                       ~~~~~~~~~^~~~~~
/home/xu/esp/test/micro_ros_espidf_component/micro_ros_src/src/rcutils/src/./error_handling_helpers.h:109:63: warning: unused parameter 'buffer' [-Wunused-parameter]
 __rcutils_convert_uint64_t_into_c_str(uint64_t number, char * buffer, size_t buffer_size)
                                                        ~~~~~~~^~~~~~
/home/xu/esp/test/micro_ros_espidf_component/micro_ros_src/src/rcutils/src/./error_handling_helpers.h:109:78: warning: unused parameter 'buffer_size' [-Wunused-parameter]
 __rcutils_convert_uint64_t_into_c_str(uint64_t number, char * buffer, size_t buffer_size)
                                                                       ~~~~~~~^~~~~~~~~~~
/home/xu/esp/test/micro_ros_espidf_component/micro_ros_src/src/rcutils/src/./error_handling_helpers.h: In function '__rcutils_format_error_string':
/home/xu/esp/test/micro_ros_espidf_component/micro_ros_src/src/rcutils/src/./error_handling_helpers.h:142:28: warning: unused parameter 'error_string' [-Wunused-parameter]
   rcutils_error_string_t * error_string,
   ~~~~~~~~~~~~~~~~~~~~~~~~~^~~~~~~~~~~~
/home/xu/esp/test/micro_ros_espidf_component/micro_ros_src/src/rcutils/src/./error_handling_helpers.h:143:33: warning: unused parameter 'error_state' [-Wunused-parameter]
   const rcutils_error_state_t * error_state)
   ~~~~~~~~~~~~~~~~~~~~~~~~~~~~~~^~~~~~~~~~~
/home/xu/esp/test/micro_ros_espidf_component/micro_ros_src/src/rcutils/src/error_handling.c: In function 'rcutils_get_error_string':
/home/xu/esp/test/micro_ros_espidf_component/micro_ros_src/src/rcutils/src/error_handling.c:240:38: warning: initializer-string for array of chars is too long
     return (rcutils_error_string_t) {"error not set"};  // NOLINT(readability/braces)
                                      ^~~~~~~~~~~~~~~
/home/xu/esp/test/micro_ros_espidf_component/micro_ros_src/src/rcutils/src/error_handling.c:240:38: note: (near initialization for '(anonymous).str')
In file included from /home/xu/esp/test/micro_ros_espidf_component/micro_ros_src/src/rcutils/src/error_handling.c:35:
At top level:
/home/xu/esp/test/micro_ros_espidf_component/micro_ros_src/src/rcutils/src/./error_handling_helpers.h:109:1: warning: '__rcutils_convert_uint64_t_into_c_str' defined but not used [-Wunused-function]
 __rcutils_convert_uint64_t_into_c_str(uint64_t number, char * buffer, size_t buffer_size)
 ^~~~~~~~~~~~~~~~~~~~~~~~~~~~~~~~~~~~~
/home/xu/esp/test/micro_ros_espidf_component/micro_ros_src/src/rcutils/src/./error_handling_helpers.h:91:1: warning: '__rcutils_reverse_str' defined but not used [-Wunused-function]
 __rcutils_reverse_str(char * string_in, size_t string_len)
 ^~~~~~~~~~~~~~~~~~~~~
In file included from /home/xu/esp/test/micro_ros_espidf_component/micro_ros_src/src/rcutils/src/logging.c:21:
/home/xu/esp/v4.4/esp-idf/components/newlib/platform_include/errno.h:10:2: warning: #include_next is a GCC extension
 #include_next "errno.h"
  ^~~~~~~~~~~~
In file included from /home/xu/esp/test/micro_ros_espidf_component/micro_ros_src/src/rcutils/src/process.c:20:
/home/xu/esp/v4.4/esp-idf/components/newlib/platform_include/errno.h:10:2: warning: #include_next is a GCC extension
 #include_next "errno.h"
  ^~~~~~~~~~~~
/home/xu/esp/test/micro_ros_espidf_component/micro_ros_src/src/rcutils/src/logging.c: In function 'rcutils_get_env_var_zero_or_one':
/home/xu/esp/test/micro_ros_espidf_component/micro_ros_src/src/rcutils/src/logging.c:130:35: warning: unused parameter 'zero_semantic' [-Wunused-parameter]
   const char * name, const char * zero_semantic,
                      ~~~~~~~~~~~~~^~~~~~~~~~~~~
/home/xu/esp/test/micro_ros_espidf_component/micro_ros_src/src/rcutils/src/logging.c:131:16: warning: unused parameter 'one_semantic' [-Wunused-parameter]
   const char * one_semantic)
   ~~~~~~~~~~~~~^~~~~~~~~~~~
In function 'rcutils_char_array_strncat',
    inlined from 'rcutils_char_array_strcat' at /home/xu/esp/test/micro_ros_espidf_component/micro_ros_src/src/rcutils/src/char_array.c:239:10:
/home/xu/esp/test/micro_ros_espidf_component/micro_ros_src/src/rcutils/src/char_array.c:224:3: warning: 'strncat' output truncated before terminating nul copying as many bytes from a string as its length [-Wstringop-truncation]
   strncat(char_array->buffer, src, n);
   ^~~~~~~~~~~~~~~~~~~~~~~~~~~~~~~~~~~
/home/xu/esp/test/micro_ros_espidf_component/micro_ros_src/src/rcutils/src/char_array.c: In function 'rcutils_char_array_strcat':
/home/xu/esp/test/micro_ros_espidf_component/micro_ros_src/src/rcutils/src/char_array.c:239:10: note: length computed here
   return rcutils_char_array_strncat(char_array, src, strlen(src));
          ^~~~~~~~~~~~~~~~~~~~~~~~~~~~~~~~~~~~~~~~~~~~~~~~~~~~~~~~
In file included from /home/xu/esp/test/micro_ros_espidf_component/micro_ros_src/src/rcutils/src/snprintf.c:22:
/home/xu/esp/v4.4/esp-idf/components/newlib/platform_include/errno.h:10:2: warning: #include_next is a GCC extension
 #include_next "errno.h"
  ^~~~~~~~~~~~
In file included from /home/xu/esp/test/micro_ros_espidf_component/micro_ros_src/src/rcutils/src/strcasecmp.c:20:
/home/xu/esp/v4.4/esp-idf/components/newlib/platform_include/errno.h:10:2: warning: #include_next is a GCC extension
 #include_next "errno.h"
  ^~~~~~~~~~~~
In file included from /home/xu/esp/test/micro_ros_espidf_component/micro_ros_src/src/rcutils/src/strerror.c:20:
/home/xu/esp/v4.4/esp-idf/components/newlib/platform_include/errno.h:10:2: warning: #include_next is a GCC extension
 #include_next "errno.h"
  ^~~~~~~~~~~~
In file included from /home/xu/esp/test/micro_ros_espidf_component/micro_ros_src/src/rcutils/include/rcutils/error_handling.h:28,
                 from /home/xu/esp/test/micro_ros_espidf_component/micro_ros_src/src/rcutils/src/uint8_array.c:15:
/home/xu/esp/v4.4/esp-idf/components/newlib/platform_include/assert.h:24:2: warning: #include_next is a GCC extension
 #include_next <assert.h>
  ^~~~~~~~~~~~
In file included from /home/xu/esp/test/micro_ros_espidf_component/micro_ros_src/src/rcutils/src/time_unix.c:35:
/home/xu/esp/v4.4/esp-idf/components/newlib/platform_include/time.h:22:2: warning: #include_next is a GCC extension
 #include_next <time.h>
  ^~~~~~~~~~~~
