Not searching for unused variables given on the command line.
-- The C compiler identification is GNU 8.4.0
-- The CXX compiler identification is GNU 8.4.0
-- Detecting C compiler ABI info
-- Detecting C compiler ABI info - done
-- Check for working C compiler: /home/xu/.espressif/tools/xtensa-esp32-elf/esp-2021r2-patch5-8.4.0/xtensa-esp32-elf/bin/xtensa-esp32-elf-gcc - skipped
-- Detecting C compile features
-- Detecting C compile features - done
-- Detecting CXX compiler ABI info
-- Detecting CXX compiler ABI info - done
-- Check for working CXX compiler: /home/xu/.espressif/tools/xtensa-esp32-elf/esp-2021r2-patch5-8.4.0/xtensa-esp32-elf/bin/xtensa-esp32-elf-g++ - skipped
-- Detecting CXX compile features
-- Detecting CXX compile features - done
-- Found ament_cmake_python: 1.3.2 (/home/xu/esp/test/micro_ros_espidf_component/micro_ros_dev/install/ament_cmake_python/share/ament_cmake_python/cmake)
-- Found ament_cmake_ros: 0.10.0 (/home/xu/esp/test/micro_ros_espidf_component/micro_ros_dev/install/ament_cmake_ros/share/ament_cmake_ros/cmake)
-- Found Python3: /home/xu/.espressif/python_env/idf4.4_py3.10_env/bin/python3.10 (found version "3.10.6") found components: Interpreter 
-- Configuring done
-- Generating done
-- Build files have been written to: /home/xu/esp/test/micro_ros_espidf_component/micro_ros_src/build/rcutils
gmake[1]: Entering directory '/home/xu/esp/test/micro_ros_espidf_component/micro_ros_src/build/rcutils'
gmake[2]: Entering directory '/home/xu/esp/test/micro_ros_espidf_component/micro_ros_src/build/rcutils'
gmake[3]: Entering directory '/home/xu/esp/test/micro_ros_espidf_component/micro_ros_src/build/rcutils'
gmake[3]: Entering directory '/home/xu/esp/test/micro_ros_espidf_component/micro_ros_src/build/rcutils'
[  3%] Expanding logging_macros.h.em
gmake[3]: Leaving directory '/home/xu/esp/test/micro_ros_espidf_component/micro_ros_src/build/rcutils'
gmake[3]: Entering directory '/home/xu/esp/test/micro_ros_espidf_component/micro_ros_src/build/rcutils'
gmake[3]: Leaving directory '/home/xu/esp/test/micro_ros_espidf_component/micro_ros_src/build/rcutils'
[  3%] Built target ament_cmake_python_copy_rcutils
gmake[3]: Entering directory '/home/xu/esp/test/micro_ros_espidf_component/micro_ros_src/build/rcutils'
gmake[3]: Leaving directory '/home/xu/esp/test/micro_ros_espidf_component/micro_ros_src/build/rcutils'
gmake[3]: Entering directory '/home/xu/esp/test/micro_ros_espidf_component/micro_ros_src/build/rcutils'
gmake[3]: Leaving directory '/home/xu/esp/test/micro_ros_espidf_component/micro_ros_src/build/rcutils'
gmake[3]: Entering directory '/home/xu/esp/test/micro_ros_espidf_component/micro_ros_src/build/rcutils'
[ 20%] Building C object CMakeFiles/rcutils.dir/src/filesystem.c.obj
[ 20%] Building C object CMakeFiles/rcutils.dir/src/env.c.obj
[ 20%] Building C object CMakeFiles/rcutils.dir/src/array_list.c.obj
[ 20%] Building C object CMakeFiles/rcutils.dir/src/cmdline_parser.c.obj
[ 20%] Building C object CMakeFiles/rcutils.dir/src/char_array.c.obj
[ 27%] Building C object CMakeFiles/rcutils.dir/src/find.c.obj
[ 27%] Building C object CMakeFiles/rcutils.dir/src/allocator.c.obj
[ 31%] Building C object CMakeFiles/rcutils.dir/src/error_handling.c.obj
[ 34%] Building C object CMakeFiles/rcutils.dir/src/hash_map.c.obj
[ 37%] Building C object CMakeFiles/rcutils.dir/src/logging.c.obj
In file included from /home/xu/esp/test/micro_ros_espidf_component/micro_ros_src/src/rcutils/src/env.c:20:
/home/xu/esp/v4.4/esp-idf/components/newlib/platform_include/errno.h:10:2: warning: #include_next is a GCC extension
 #include_next "errno.h"
  ^~~~~~~~~~~~
[ 48%] Building C object CMakeFiles/rcutils.dir/src/repl_str.c.obj
[ 48%] Building C object CMakeFiles/rcutils.dir/src/format_string.c.obj
[ 48%] Building C object CMakeFiles/rcutils.dir/src/qsort.c.obj
[ 51%] Building C object CMakeFiles/rcutils.dir/src/process.c.obj
In file included from /home/xu/esp/test/micro_ros_espidf_component/micro_ros_src/src/rcutils/src/filesystem.c:21:
/home/xu/esp/v4.4/esp-idf/components/newlib/platform_include/errno.h:10:2: warning: #include_next is a GCC extension
 #include_next "errno.h"
  ^~~~~~~~~~~~
In file included from /home/xu/esp/test/micro_ros_espidf_component/micro_ros_src/src/rcutils/include/rcutils/error_handling.h:28,
                 from /home/xu/esp/test/micro_ros_espidf_component/micro_ros_src/src/rcutils/src/char_array.c:16:
/home/xu/esp/v4.4/esp-idf/components/newlib/platform_include/assert.h:24:2: warning: #include_next is a GCC extension
 #include_next <assert.h>
  ^~~~~~~~~~~~
In file included from /home/xu/esp/test/micro_ros_espidf_component/micro_ros_src/src/rcutils/include/rcutils/error_handling.h:28,
                 from /home/xu/esp/test/micro_ros_espidf_component/micro_ros_src/src/rcutils/src/error_handling.c:22:
/home/xu/esp/v4.4/esp-idf/components/newlib/platform_include/assert.h:24:2: warning: #include_next is a GCC extension
 #include_next <assert.h>
  ^~~~~~~~~~~~
In file included from /home/xu/esp/test/micro_ros_espidf_component/micro_ros_src/src/rcutils/src/error_handling.c:35:
/home/xu/esp/test/micro_ros_espidf_component/micro_ros_src/src/rcutils/src/./error_handling_helpers.h: In function '__rcutils_convert_uint64_t_into_c_str':
/home/xu/esp/test/micro_ros_espidf_component/micro_ros_src/src/rcutils/src/./error_handling_helpers.h:109:48: warning: unused parameter 'number' [-Wunused-parameter]
 __rcutils_convert_uint64_t_into_c_str(uint64_t number, char * buffer, size_t buffer_size)
                                       ~~~~~~~~~^~~~~~
/home/xu/esp/test/micro_ros_espidf_component/micro_ros_src/src/rcutils/src/./error_handling_helpers.h:109:63: warning: unused parameter 'buffer' [-Wunused-parameter]
 __rcutils_convert_uint64_t_into_c_str(uint64_t number, char * buffer, size_t buffer_size)
                                                        ~~~~~~~^~~~~~
/home/xu/esp/test/micro_ros_espidf_component/micro_ros_src/src/rcutils/src/./error_handling_helpers.h:109:78: warning: unused parameter 'buffer_size' [-Wunused-parameter]
 __rcutils_convert_uint64_t_into_c_str(uint64_t number, char * buffer, size_t buffer_size)
                                                                       ~~~~~~~^~~~~~~~~~~
/home/xu/esp/test/micro_ros_espidf_component/micro_ros_src/src/rcutils/src/./error_handling_helpers.h: In function '__rcutils_format_error_string':
/home/xu/esp/test/micro_ros_espidf_component/micro_ros_src/src/rcutils/src/./error_handling_helpers.h:142:28: warning: unused parameter 'error_string' [-Wunused-parameter]
   rcutils_error_string_t * error_string,
   ~~~~~~~~~~~~~~~~~~~~~~~~~^~~~~~~~~~~~
/home/xu/esp/test/micro_ros_espidf_component/micro_ros_src/src/rcutils/src/./error_handling_helpers.h:143:33: warning: unused parameter 'error_state' [-Wunused-parameter]
   const rcutils_error_state_t * error_state)
   ~~~~~~~~~~~~~~~~~~~~~~~~~~~~~~^~~~~~~~~~~
/home/xu/esp/test/micro_ros_espidf_component/micro_ros_src/src/rcutils/src/error_handling.c: In function 'rcutils_get_error_string':
/home/xu/esp/test/micro_ros_espidf_component/micro_ros_src/src/rcutils/src/error_handling.c:240:38: warning: initializer-string for array of chars is too long
     return (rcutils_error_string_t) {"error not set"};  // NOLINT(readability/braces)
                                      ^~~~~~~~~~~~~~~
/home/xu/esp/test/micro_ros_espidf_component/micro_ros_src/src/rcutils/src/error_handling.c:240:38: note: (near initialization for '(anonymous).str')
In file included from /home/xu/esp/test/micro_ros_espidf_component/micro_ros_src/src/rcutils/src/error_handling.c:35:
At top level:
/home/xu/esp/test/micro_ros_espidf_component/micro_ros_src/src/rcutils/src/./error_handling_helpers.h:109:1: warning: '__rcutils_convert_uint64_t_into_c_str' defined but not used [-Wunused-function]
 __rcutils_convert_uint64_t_into_c_str(uint64_t number, char * buffer, size_t buffer_size)
 ^~~~~~~~~~~~~~~~~~~~~~~~~~~~~~~~~~~~~
/home/xu/esp/test/micro_ros_espidf_component/micro_ros_src/src/rcutils/src/./error_handling_helpers.h:91:1: warning: '__rcutils_reverse_str' defined but not used [-Wunused-function]
 __rcutils_reverse_str(char * string_in, size_t string_len)
 ^~~~~~~~~~~~~~~~~~~~~
In file included from /home/xu/esp/test/micro_ros_espidf_component/micro_ros_src/src/rcutils/src/logging.c:21:
/home/xu/esp/v4.4/esp-idf/components/newlib/platform_include/errno.h:10:2: warning: #include_next is a GCC extension
 #include_next "errno.h"
  ^~~~~~~~~~~~
In file included from /home/xu/esp/test/micro_ros_espidf_component/micro_ros_src/src/rcutils/src/process.c:20:
/home/xu/esp/v4.4/esp-idf/components/newlib/platform_include/errno.h:10:2: warning: #include_next is a GCC extension
 #include_next "errno.h"
  ^~~~~~~~~~~~
/home/xu/esp/test/micro_ros_espidf_component/micro_ros_src/src/rcutils/src/logging.c: In function 'rcutils_get_env_var_zero_or_one':
/home/xu/esp/test/micro_ros_espidf_component/micro_ros_src/src/rcutils/src/logging.c:130:35: warning: unused parameter 'zero_semantic' [-Wunused-parameter]
   const char * name, const char * zero_semantic,
                      ~~~~~~~~~~~~~^~~~~~~~~~~~~
/home/xu/esp/test/micro_ros_espidf_component/micro_ros_src/src/rcutils/src/logging.c:131:16: warning: unused parameter 'one_semantic' [-Wunused-parameter]
   const char * one_semantic)
   ~~~~~~~~~~~~~^~~~~~~~~~~~
In function 'rcutils_char_array_strncat',
    inlined from 'rcutils_char_array_strcat' at /home/xu/esp/test/micro_ros_espidf_component/micro_ros_src/src/rcutils/src/char_array.c:239:10:
/home/xu/esp/test/micro_ros_espidf_component/micro_ros_src/src/rcutils/src/char_array.c:224:3: warning: 'strncat' output truncated before terminating nul copying as many bytes from a string as its length [-Wstringop-truncation]
   strncat(char_array->buffer, src, n);
   ^~~~~~~~~~~~~~~~~~~~~~~~~~~~~~~~~~~
/home/xu/esp/test/micro_ros_espidf_component/micro_ros_src/src/rcutils/src/char_array.c: In function 'rcutils_char_array_strcat':
/home/xu/esp/test/micro_ros_espidf_component/micro_ros_src/src/rcutils/src/char_array.c:239:10: note: length computed here
   return rcutils_char_array_strncat(char_array, src, strlen(src));
          ^~~~~~~~~~~~~~~~~~~~~~~~~~~~~~~~~~~~~~~~~~~~~~~~~~~~~~~~
[ 58%] Building C object CMakeFiles/rcutils.dir/src/shared_library.c.obj
[ 58%] Building C object CMakeFiles/rcutils.dir/src/snprintf.c.obj
[ 65%] Building C object CMakeFiles/rcutils.dir/src/strcasecmp.c.obj
[ 65%] Building C object CMakeFiles/rcutils.dir/src/split.c.obj
[ 68%] Building C object CMakeFiles/rcutils.dir/src/strdup.c.obj
In file included from /home/xu/esp/test/micro_ros_espidf_component/micro_ros_src/src/rcutils/src/snprintf.c:22:
/home/xu/esp/v4.4/esp-idf/components/newlib/platform_include/errno.h:10:2: warning: #include_next is a GCC extension
 #include_next "errno.h"
  ^~~~~~~~~~~~
In file included from /home/xu/esp/test/micro_ros_espidf_component/micro_ros_src/src/rcutils/src/strcasecmp.c:20:
/home/xu/esp/v4.4/esp-idf/components/newlib/platform_include/errno.h:10:2: warning: #include_next is a GCC extension
 #include_next "errno.h"
  ^~~~~~~~~~~~
In file included from /home/xu/esp/test/micro_ros_espidf_component/micro_ros_src/src/rcutils/src/strerror.c:20:
/home/xu/esp/v4.4/esp-idf/components/newlib/platform_include/errno.h:10:2: warning: #include_next is a GCC extension
 #include_next "errno.h"
  ^~~~~~~~~~~~
[ 72%] Building C object CMakeFiles/rcutils.dir/src/strerror.c.obj
[ 75%] Building C object CMakeFiles/rcutils.dir/src/string_array.c.obj
[ 79%] Building C object CMakeFiles/rcutils.dir/src/testing/fault_injection.c.obj
[ 82%] Building C object CMakeFiles/rcutils.dir/src/time_unix.c.obj
[ 86%] Building C object CMakeFiles/rcutils.dir/src/string_map.c.obj
[ 89%] Building C object CMakeFiles/rcutils.dir/src/time.c.obj
[ 93%] Building C object CMakeFiles/rcutils.dir/src/atomic_64bits.c.obj
[ 96%] Building C object CMakeFiles/rcutils.dir/src/uint8_array.c.obj
In file included from /home/xu/esp/test/micro_ros_espidf_component/micro_ros_src/src/rcutils/include/rcutils/error_handling.h:28,
                 from /home/xu/esp/test/micro_ros_espidf_component/micro_ros_src/src/rcutils/src/uint8_array.c:15:
/home/xu/esp/v4.4/esp-idf/components/newlib/platform_include/assert.h:24:2: warning: #include_next is a GCC extension
 #include_next <assert.h>
  ^~~~~~~~~~~~
In file included from /home/xu/esp/test/micro_ros_espidf_component/micro_ros_src/src/rcutils/src/time_unix.c:35:
/home/xu/esp/v4.4/esp-idf/components/newlib/platform_include/time.h:22:2: warning: #include_next is a GCC extension
 #include_next <time.h>
  ^~~~~~~~~~~~
running egg_info
creating rcutils.egg-info
writing rcutils.egg-info/PKG-INFO
writing dependency_links to rcutils.egg-info/dependency_links.txt
writing top-level names to rcutils.egg-info/top_level.txt
writing manifest file 'rcutils.egg-info/SOURCES.txt'
reading manifest file 'rcutils.egg-info/SOURCES.txt'
writing manifest file 'rcutils.egg-info/SOURCES.txt'
[100%] Linking C static library librcutils.a
gmake[3]: Leaving directory '/home/xu/esp/test/micro_ros_espidf_component/micro_ros_src/build/rcutils'
gmake[3]: Leaving directory '/home/xu/esp/test/micro_ros_espidf_component/micro_ros_src/build/rcutils'
[100%] Built target ament_cmake_python_build_rcutils_egg
[100%] Built target rcutils
gmake[2]: Leaving directory '/home/xu/esp/test/micro_ros_espidf_component/micro_ros_src/build/rcutils'
gmake[1]: Leaving directory '/home/xu/esp/test/micro_ros_espidf_component/micro_ros_src/build/rcutils'
-- Install configuration: "Release"
-- Installing: /home/xu/esp/test/micro_ros_espidf_component/micro_ros_src/install/share/rcutils/environment/pythonpath.sh
-- Installing: /home/xu/esp/test/micro_ros_espidf_component/micro_ros_src/install/share/rcutils/environment/pythonpath.dsv
-- Installing: /home/xu/esp/test/micro_ros_espidf_component/micro_ros_src/install/lib/python3.10/site-packages/rcutils-5.1.1-py3.10.egg-info
-- Installing: /home/xu/esp/test/micro_ros_espidf_component/micro_ros_src/install/lib/python3.10/site-packages/rcutils-5.1.1-py3.10.egg-info/SOURCES.txt
-- Installing: /home/xu/esp/test/micro_ros_espidf_component/micro_ros_src/install/lib/python3.10/site-packages/rcutils-5.1.1-py3.10.egg-info/PKG-INFO
-- Installing: /home/xu/esp/test/micro_ros_espidf_component/micro_ros_src/install/lib/python3.10/site-packages/rcutils-5.1.1-py3.10.egg-info/top_level.txt
-- Installing: /home/xu/esp/test/micro_ros_espidf_component/micro_ros_src/install/lib/python3.10/site-packages/rcutils-5.1.1-py3.10.egg-info/dependency_links.txt
-- Installing: /home/xu/esp/test/micro_ros_espidf_component/micro_ros_src/install/lib/python3.10/site-packages/rcutils
-- Installing: /home/xu/esp/test/micro_ros_espidf_component/micro_ros_src/install/lib/python3.10/site-packages/rcutils/__init__.py
-- Installing: /home/xu/esp/test/micro_ros_espidf_component/micro_ros_src/install/lib/python3.10/site-packages/rcutils/logging.py
Listing '/home/xu/esp/test/micro_ros_espidf_component/micro_ros_src/install/lib/python3.10/site-packages/rcutils'...
Compiling '/home/xu/esp/test/micro_ros_espidf_component/micro_ros_src/install/lib/python3.10/site-packages/rcutils/__init__.py'...
Compiling '/home/xu/esp/test/micro_ros_espidf_component/micro_ros_src/install/lib/python3.10/site-packages/rcutils/logging.py'...
-- Installing: /home/xu/esp/test/micro_ros_espidf_component/micro_ros_src/install/lib/librcutils.a
-- Installing: /home/xu/esp/test/micro_ros_espidf_component/micro_ros_src/install/share/rcutils/environment/library_path.sh
-- Installing: /home/xu/esp/test/micro_ros_espidf_component/micro_ros_src/install/share/rcutils/environment/library_path.dsv
-- Installing: /home/xu/esp/test/micro_ros_espidf_component/micro_ros_src/install/share/ament_index/resource_index/package_run_dependencies/rcutils
-- Installing: /home/xu/esp/test/micro_ros_espidf_component/micro_ros_src/install/share/ament_index/resource_index/parent_prefix_path/rcutils
-- Installing: /home/xu/esp/test/micro_ros_espidf_component/micro_ros_src/install/share/rcutils/environment/ament_prefix_path.sh
-- Installing: /home/xu/esp/test/micro_ros_espidf_component/micro_ros_src/install/share/rcutils/environment/ament_prefix_path.dsv
-- Installing: /home/xu/esp/test/micro_ros_espidf_component/micro_ros_src/install/share/rcutils/environment/path.sh
-- Installing: /home/xu/esp/test/micro_ros_espidf_component/micro_ros_src/install/share/rcutils/environment/path.dsv
-- Installing: /home/xu/esp/test/micro_ros_espidf_component/micro_ros_src/install/share/rcutils/local_setup.bash
-- Installing: /home/xu/esp/test/micro_ros_espidf_component/micro_ros_src/install/share/rcutils/local_setup.sh
-- Installing: /home/xu/esp/test/micro_ros_espidf_component/micro_ros_src/install/share/rcutils/local_setup.zsh
-- Installing: /home/xu/esp/test/micro_ros_espidf_component/micro_ros_src/install/share/rcutils/local_setup.dsv
-- Installing: /home/xu/esp/test/micro_ros_espidf_component/micro_ros_src/install/share/rcutils/package.dsv
-- Installing: /home/xu/esp/test/micro_ros_espidf_component/micro_ros_src/install/share/ament_index/resource_index/packages/rcutils
-- Installing: /home/xu/esp/test/micro_ros_espidf_component/micro_ros_src/install/share/rcutils/cmake/rcutilsExport.cmake
-- Installing: /home/xu/esp/test/micro_ros_espidf_component/micro_ros_src/install/share/rcutils/cmake/rcutilsExport-release.cmake
-- Installing: /home/xu/esp/test/micro_ros_espidf_component/micro_ros_src/install/share/rcutils/cmake/ament_cmake_export_include_directories-extras.cmake
-- Installing: /home/xu/esp/test/micro_ros_espidf_component/micro_ros_src/install/share/rcutils/cmake/ament_cmake_export_libraries-extras.cmake
-- Installing: /home/xu/esp/test/micro_ros_espidf_component/micro_ros_src/install/share/rcutils/cmake/ament_cmake_export_targets-extras.cmake
-- Installing: /home/xu/esp/test/micro_ros_espidf_component/micro_ros_src/install/share/rcutils/cmake/ament_cmake_export_dependencies-extras.cmake
-- Installing: /home/xu/esp/test/micro_ros_espidf_component/micro_ros_src/install/share/rcutils/cmake/rcutilsConfig.cmake
-- Installing: /home/xu/esp/test/micro_ros_espidf_component/micro_ros_src/install/share/rcutils/cmake/rcutilsConfig-version.cmake
-- Installing: /home/xu/esp/test/micro_ros_espidf_component/micro_ros_src/install/share/rcutils/package.xml
-- Installing: /home/xu/esp/test/micro_ros_espidf_component/micro_ros_src/install/include/rcutils
-- Installing: /home/xu/esp/test/micro_ros_espidf_component/micro_ros_src/install/include/rcutils/rcutils
-- Installing: /home/xu/esp/test/micro_ros_espidf_component/micro_ros_src/install/include/rcutils/rcutils/testing
-- Installing: /home/xu/esp/test/micro_ros_espidf_component/micro_ros_src/install/include/rcutils/rcutils/testing/fault_injection.h
-- Installing: /home/xu/esp/test/micro_ros_espidf_component/micro_ros_src/install/include/rcutils/rcutils/format_string.h
-- Installing: /home/xu/esp/test/micro_ros_espidf_component/micro_ros_src/install/include/rcutils/rcutils/shared_library.h
-- Installing: /home/xu/esp/test/micro_ros_espidf_component/micro_ros_src/install/include/rcutils/rcutils/isalnum_no_locale.h
-- Installing: /home/xu/esp/test/micro_ros_espidf_component/micro_ros_src/install/include/rcutils/rcutils/strdup.h
-- Installing: /home/xu/esp/test/micro_ros_espidf_component/micro_ros_src/install/include/rcutils/rcutils/configuration_flags.h.in
-- Installing: /home/xu/esp/test/micro_ros_espidf_component/micro_ros_src/install/include/rcutils/rcutils/strcasecmp.h
-- Installing: /home/xu/esp/test/micro_ros_espidf_component/micro_ros_src/install/include/rcutils/rcutils/find.h
-- Installing: /home/xu/esp/test/micro_ros_espidf_component/micro_ros_src/install/include/rcutils/rcutils/allocator.h
-- Installing: /home/xu/esp/test/micro_ros_espidf_component/micro_ros_src/install/include/rcutils/rcutils/logging.h
-- Installing: /home/xu/esp/test/micro_ros_espidf_component/micro_ros_src/install/include/rcutils/rcutils/types.h
-- Installing: /home/xu/esp/test/micro_ros_espidf_component/micro_ros_src/install/include/rcutils/rcutils/stdatomic_helper
-- Installing: /home/xu/esp/test/micro_ros_espidf_component/micro_ros_src/install/include/rcutils/rcutils/stdatomic_helper/gcc
-- Installing: /home/xu/esp/test/micro_ros_espidf_component/micro_ros_src/install/include/rcutils/rcutils/stdatomic_helper/gcc/stdatomic.h
-- Installing: /home/xu/esp/test/micro_ros_espidf_component/micro_ros_src/install/include/rcutils/rcutils/stdatomic_helper/win32
-- Installing: /home/xu/esp/test/micro_ros_espidf_component/micro_ros_src/install/include/rcutils/rcutils/stdatomic_helper/win32/stdatomic.h
-- Installing: /home/xu/esp/test/micro_ros_espidf_component/micro_ros_src/install/include/rcutils/rcutils/security_directory.h
-- Installing: /home/xu/esp/test/micro_ros_espidf_component/micro_ros_src/install/include/rcutils/rcutils/cmdline_parser.h
-- Installing: /home/xu/esp/test/micro_ros_espidf_component/micro_ros_src/install/include/rcutils/rcutils/env.h
-- Installing: /home/xu/esp/test/micro_ros_espidf_component/micro_ros_src/install/include/rcutils/rcutils/visibility_control_macros.h
-- Installing: /home/xu/esp/test/micro_ros_espidf_component/micro_ros_src/install/include/rcutils/rcutils/process.h
-- Installing: /home/xu/esp/test/micro_ros_espidf_component/micro_ros_src/install/include/rcutils/rcutils/snprintf.h
-- Installing: /home/xu/esp/test/micro_ros_espidf_component/micro_ros_src/install/include/rcutils/rcutils/qsort.h
-- Installing: /home/xu/esp/test/micro_ros_espidf_component/micro_ros_src/install/include/rcutils/rcutils/time.h
-- Installing: /home/xu/esp/test/micro_ros_espidf_component/micro_ros_src/install/include/rcutils/rcutils/repl_str.h
-- Installing: /home/xu/esp/test/micro_ros_espidf_component/micro_ros_src/install/include/rcutils/rcutils/types
-- Installing: /home/xu/esp/test/micro_ros_espidf_component/micro_ros_src/install/include/rcutils/rcutils/types/string_array.h
-- Installing: /home/xu/esp/test/micro_ros_espidf_component/micro_ros_src/install/include/rcutils/rcutils/types/uint8_array.h
-- Installing: /home/xu/esp/test/micro_ros_espidf_component/micro_ros_src/install/include/rcutils/rcutils/types/hash_map.h
-- Installing: /home/xu/esp/test/micro_ros_espidf_component/micro_ros_src/install/include/rcutils/rcutils/types/array_list.h
-- Installing: /home/xu/esp/test/micro_ros_espidf_component/micro_ros_src/install/include/rcutils/rcutils/types/rcutils_ret.h
-- Installing: /home/xu/esp/test/micro_ros_espidf_component/micro_ros_src/install/include/rcutils/rcutils/types/char_array.h
-- Installing: /home/xu/esp/test/micro_ros_espidf_component/micro_ros_src/install/include/rcutils/rcutils/types/string_map.h
-- Installing: /home/xu/esp/test/micro_ros_espidf_component/micro_ros_src/install/include/rcutils/rcutils/macros.h
-- Installing: /home/xu/esp/test/micro_ros_espidf_component/micro_ros_src/install/include/rcutils/rcutils/strerror.h
-- Installing: /home/xu/esp/test/micro_ros_espidf_component/micro_ros_src/install/include/rcutils/rcutils/filesystem.h
-- Installing: /home/xu/esp/test/micro_ros_espidf_component/micro_ros_src/install/include/rcutils/rcutils/get_env.h
-- Installing: /home/xu/esp/test/micro_ros_espidf_component/micro_ros_src/install/include/rcutils/rcutils/error_handling.h
-- Installing: /home/xu/esp/test/micro_ros_espidf_component/micro_ros_src/install/include/rcutils/rcutils/split.h
-- Installing: /home/xu/esp/test/micro_ros_espidf_component/micro_ros_src/install/include/rcutils/rcutils/visibility_control.h
-- Installing: /home/xu/esp/test/micro_ros_espidf_component/micro_ros_src/install/include/rcutils/rcutils/stdatomic_helper.h
-- Up-to-date: /home/xu/esp/test/micro_ros_espidf_component/micro_ros_src/install/include/rcutils
-- Up-to-date: /home/xu/esp/test/micro_ros_espidf_component/micro_ros_src/install/include/rcutils/rcutils
-- Installing: /home/xu/esp/test/micro_ros_espidf_component/micro_ros_src/install/include/rcutils/rcutils/logging_macros.h
-- Installing: /home/xu/esp/test/micro_ros_espidf_component/micro_ros_src/install/include/rcutils/rcutils/configuration_flags.h
