Not searching for unused variables given on the command line.
-- The C compiler identification is GNU 8.4.0
-- The CXX compiler identification is GNU 8.4.0
-- Detecting C compiler ABI info
-- Detecting C compiler ABI info - done
-- Check for working C compiler: /home/xu/.espressif/tools/xtensa-esp32-elf/esp-2021r2-patch5-8.4.0/xtensa-esp32-elf/bin/xtensa-esp32-elf-gcc - skipped
-- Detecting C compile features
-- Detecting C compile features - done
-- Detecting CXX compiler ABI info
-- Detecting CXX compiler ABI info - done
-- Check for working CXX compiler: /home/xu/.espressif/tools/xtensa-esp32-elf/esp-2021r2-patch5-8.4.0/xtensa-esp32-elf/bin/xtensa-esp32-elf-g++ - skipped
-- Detecting CXX compile features
-- Detecting CXX compile features - done
-- Found ament_cmake_ros: 0.10.0 (/home/xu/esp/test/micro_ros_espidf_component/micro_ros_dev/install/ament_cmake_ros/share/ament_cmake_ros/cmake)
-- Found Python3: /home/xu/.espressif/python_env/idf4.4_py3.10_env/bin/python3.10 (found version "3.10.6") found components: Interpreter 
-- Found rcutils: 5.1.1 (/home/xu/esp/test/micro_ros_espidf_component/micro_ros_src/install/share/rcutils/cmake)
CMake Warning at /home/xu/esp/test/micro_ros_espidf_component/micro_ros_src/install/share/rcutils/cmake/ament_cmake_export_libraries-extras.cmake:116 (message):
  Package 'rcutils' exports library 'dl' which couldn't be found
Call Stack (most recent call first):
  /home/xu/esp/test/micro_ros_espidf_component/micro_ros_src/install/share/rcutils/cmake/rcutilsConfig.cmake:41 (include)
  CMakeLists.txt:33 (find_package)


-- Found rosidl_runtime_c: 3.1.3 (/home/xu/esp/test/micro_ros_espidf_component/micro_ros_src/install/share/rosidl_runtime_c/cmake)
-- Configuring done
-- Generating done
-- Build files have been written to: /home/xu/esp/test/micro_ros_espidf_component/micro_ros_src/build/rosidl_typesupport_c
gmake[1]: Entering directory '/home/xu/esp/test/micro_ros_espidf_component/micro_ros_src/build/rosidl_typesupport_c'
gmake[2]: Entering directory '/home/xu/esp/test/micro_ros_espidf_component/micro_ros_src/build/rosidl_typesupport_c'
gmake[3]: Entering directory '/home/xu/esp/test/micro_ros_espidf_component/micro_ros_src/build/rosidl_typesupport_c'
gmake[3]: Entering directory '/home/xu/esp/test/micro_ros_espidf_component/micro_ros_src/build/rosidl_typesupport_c'
gmake[3]: Entering directory '/home/xu/esp/test/micro_ros_espidf_component/micro_ros_src/build/rosidl_typesupport_c'
gmake[3]: Leaving directory '/home/xu/esp/test/micro_ros_espidf_component/micro_ros_src/build/rosidl_typesupport_c'
gmake[3]: Leaving directory '/home/xu/esp/test/micro_ros_espidf_component/micro_ros_src/build/rosidl_typesupport_c'
gmake[3]: Leaving directory '/home/xu/esp/test/micro_ros_espidf_component/micro_ros_src/build/rosidl_typesupport_c'
gmake[3]: Entering directory '/home/xu/esp/test/micro_ros_espidf_component/micro_ros_src/build/rosidl_typesupport_c'
gmake[3]: Entering directory '/home/xu/esp/test/micro_ros_espidf_component/micro_ros_src/build/rosidl_typesupport_c'
gmake[3]: Entering directory '/home/xu/esp/test/micro_ros_espidf_component/micro_ros_src/build/rosidl_typesupport_c'
[ 25%] Building C object CMakeFiles/rosidl_typesupport_c.dir/src/identifier.c.obj
[ 50%] Building CXX object CMakeFiles/rosidl_typesupport_c.dir/src/message_type_support_dispatch.cpp.obj
[ 75%] Building CXX object CMakeFiles/rosidl_typesupport_c.dir/src/service_type_support_dispatch.cpp.obj
gmake[3]: Leaving directory '/home/xu/esp/test/micro_ros_espidf_component/micro_ros_src/build/rosidl_typesupport_c'
gmake[3]: Leaving directory '/home/xu/esp/test/micro_ros_espidf_component/micro_ros_src/build/rosidl_typesupport_c'
[ 75%] Built target ament_cmake_python_copy_rosidl_typesupport_c_setup
[ 75%] Built target ament_cmake_python_copy_rosidl_typesupport_c
gmake[3]: Entering directory '/home/xu/esp/test/micro_ros_espidf_component/micro_ros_src/build/rosidl_typesupport_c'
gmake[3]: Leaving directory '/home/xu/esp/test/micro_ros_espidf_component/micro_ros_src/build/rosidl_typesupport_c'
gmake[3]: Entering directory '/home/xu/esp/test/micro_ros_espidf_component/micro_ros_src/build/rosidl_typesupport_c'
[100%] Linking CXX static library librosidl_typesupport_c.a
gmake[3]: Leaving directory '/home/xu/esp/test/micro_ros_espidf_component/micro_ros_src/build/rosidl_typesupport_c'
[100%] Built target rosidl_typesupport_c
running egg_info
creating rosidl_typesupport_c.egg-info
writing rosidl_typesupport_c.egg-info/PKG-INFO
writing dependency_links to rosidl_typesupport_c.egg-info/dependency_links.txt
writing entry points to rosidl_typesupport_c.egg-info/entry_points.txt
writing top-level names to rosidl_typesupport_c.egg-info/top_level.txt
writing manifest file 'rosidl_typesupport_c.egg-info/SOURCES.txt'
reading manifest file 'rosidl_typesupport_c.egg-info/SOURCES.txt'
writing manifest file 'rosidl_typesupport_c.egg-info/SOURCES.txt'
gmake[3]: Leaving directory '/home/xu/esp/test/micro_ros_espidf_component/micro_ros_src/build/rosidl_typesupport_c'
[100%] Built target ament_cmake_python_build_rosidl_typesupport_c_egg
gmake[2]: Leaving directory '/home/xu/esp/test/micro_ros_espidf_component/micro_ros_src/build/rosidl_typesupport_c'
gmake[1]: Leaving directory '/home/xu/esp/test/micro_ros_espidf_component/micro_ros_src/build/rosidl_typesupport_c'
-- Install configuration: "Release"
-- Installing: /home/xu/esp/test/micro_ros_espidf_component/micro_ros_src/install/share/rosidl_typesupport_c/environment/pythonpath.sh
-- Installing: /home/xu/esp/test/micro_ros_espidf_component/micro_ros_src/install/share/rosidl_typesupport_c/environment/pythonpath.dsv
-- Installing: /home/xu/esp/test/micro_ros_espidf_component/micro_ros_src/install/lib/python3.10/site-packages/rosidl_typesupport_c-2.0.0-py3.10.egg-info
-- Installing: /home/xu/esp/test/micro_ros_espidf_component/micro_ros_src/install/lib/python3.10/site-packages/rosidl_typesupport_c-2.0.0-py3.10.egg-info/SOURCES.txt
-- Installing: /home/xu/esp/test/micro_ros_espidf_component/micro_ros_src/install/lib/python3.10/site-packages/rosidl_typesupport_c-2.0.0-py3.10.egg-info/PKG-INFO
-- Installing: /home/xu/esp/test/micro_ros_espidf_component/micro_ros_src/install/lib/python3.10/site-packages/rosidl_typesupport_c-2.0.0-py3.10.egg-info/top_level.txt
-- Installing: /home/xu/esp/test/micro_ros_espidf_component/micro_ros_src/install/lib/python3.10/site-packages/rosidl_typesupport_c-2.0.0-py3.10.egg-info/dependency_links.txt
-- Installing: /home/xu/esp/test/micro_ros_espidf_component/micro_ros_src/install/lib/python3.10/site-packages/rosidl_typesupport_c-2.0.0-py3.10.egg-info/entry_points.txt
-- Installing: /home/xu/esp/test/micro_ros_espidf_component/micro_ros_src/install/lib/python3.10/site-packages/rosidl_typesupport_c
-- Installing: /home/xu/esp/test/micro_ros_espidf_component/micro_ros_src/install/lib/python3.10/site-packages/rosidl_typesupport_c/__init__.py
-- Installing: /home/xu/esp/test/micro_ros_espidf_component/micro_ros_src/install/lib/python3.10/site-packages/rosidl_typesupport_c/cli.py
Listing '/home/xu/esp/test/micro_ros_espidf_component/micro_ros_src/install/lib/python3.10/site-packages/rosidl_typesupport_c'...
Compiling '/home/xu/esp/test/micro_ros_espidf_component/micro_ros_src/install/lib/python3.10/site-packages/rosidl_typesupport_c/__init__.py'...
Compiling '/home/xu/esp/test/micro_ros_espidf_component/micro_ros_src/install/lib/python3.10/site-packages/rosidl_typesupport_c/cli.py'...
-- Installing: /home/xu/esp/test/micro_ros_espidf_component/micro_ros_src/install/share/rosidl_typesupport_c/environment/library_path.sh
-- Installing: /home/xu/esp/test/micro_ros_espidf_component/micro_ros_src/install/share/rosidl_typesupport_c/environment/library_path.dsv
-- Installing: /home/xu/esp/test/micro_ros_espidf_component/micro_ros_src/install/share/ament_index/resource_index/rosidl_runtime_packages/rosidl_typesupport_c
-- Installing: /home/xu/esp/test/micro_ros_espidf_component/micro_ros_src/install/share/ament_index/resource_index/package_run_dependencies/rosidl_typesupport_c
-- Installing: /home/xu/esp/test/micro_ros_espidf_component/micro_ros_src/install/share/ament_index/resource_index/parent_prefix_path/rosidl_typesupport_c
-- Installing: /home/xu/esp/test/micro_ros_espidf_component/micro_ros_src/install/share/rosidl_typesupport_c/environment/ament_prefix_path.sh
-- Installing: /home/xu/esp/test/micro_ros_espidf_component/micro_ros_src/install/share/rosidl_typesupport_c/environment/ament_prefix_path.dsv
-- Installing: /home/xu/esp/test/micro_ros_espidf_component/micro_ros_src/install/share/rosidl_typesupport_c/environment/path.sh
-- Installing: /home/xu/esp/test/micro_ros_espidf_component/micro_ros_src/install/share/rosidl_typesupport_c/environment/path.dsv
-- Installing: /home/xu/esp/test/micro_ros_espidf_component/micro_ros_src/install/share/rosidl_typesupport_c/local_setup.bash
-- Installing: /home/xu/esp/test/micro_ros_espidf_component/micro_ros_src/install/share/rosidl_typesupport_c/local_setup.sh
-- Installing: /home/xu/esp/test/micro_ros_espidf_component/micro_ros_src/install/share/rosidl_typesupport_c/local_setup.zsh
-- Installing: /home/xu/esp/test/micro_ros_espidf_component/micro_ros_src/install/share/rosidl_typesupport_c/local_setup.dsv
-- Installing: /home/xu/esp/test/micro_ros_espidf_component/micro_ros_src/install/share/rosidl_typesupport_c/package.dsv
-- Installing: /home/xu/esp/test/micro_ros_espidf_component/micro_ros_src/install/share/ament_index/resource_index/packages/rosidl_typesupport_c
-- Installing: /home/xu/esp/test/micro_ros_espidf_component/micro_ros_src/install/share/rosidl_typesupport_c/cmake/rosidl_typesupport_cExport.cmake
-- Installing: /home/xu/esp/test/micro_ros_espidf_component/micro_ros_src/install/share/rosidl_typesupport_c/cmake/rosidl_typesupport_cExport-release.cmake
-- Installing: /home/xu/esp/test/micro_ros_espidf_component/micro_ros_src/install/share/rosidl_typesupport_c/cmake/rosidl_typesupport_c-extras.cmake
-- Installing: /home/xu/esp/test/micro_ros_espidf_component/micro_ros_src/install/share/rosidl_typesupport_c/cmake/ament_cmake_export_dependencies-extras.cmake
-- Installing: /home/xu/esp/test/micro_ros_espidf_component/micro_ros_src/install/share/rosidl_typesupport_c/cmake/ament_cmake_export_include_directories-extras.cmake
-- Installing: /home/xu/esp/test/micro_ros_espidf_component/micro_ros_src/install/share/rosidl_typesupport_c/cmake/ament_cmake_export_libraries-extras.cmake
-- Installing: /home/xu/esp/test/micro_ros_espidf_component/micro_ros_src/install/share/rosidl_typesupport_c/cmake/ament_cmake_export_targets-extras.cmake
-- Installing: /home/xu/esp/test/micro_ros_espidf_component/micro_ros_src/install/share/rosidl_typesupport_c/cmake/rosidl_typesupport_cConfig.cmake
-- Installing: /home/xu/esp/test/micro_ros_espidf_component/micro_ros_src/install/share/rosidl_typesupport_c/cmake/rosidl_typesupport_cConfig-version.cmake
-- Installing: /home/xu/esp/test/micro_ros_espidf_component/micro_ros_src/install/share/rosidl_typesupport_c/package.xml
-- Installing: /home/xu/esp/test/micro_ros_espidf_component/micro_ros_src/install/lib/rosidl_typesupport_c/rosidl_typesupport_c
-- Up-to-date: /home/xu/esp/test/micro_ros_espidf_component/micro_ros_src/install/share/rosidl_typesupport_c/cmake
-- Installing: /home/xu/esp/test/micro_ros_espidf_component/micro_ros_src/install/share/rosidl_typesupport_c/cmake/get_used_typesupports.cmake
-- Installing: /home/xu/esp/test/micro_ros_espidf_component/micro_ros_src/install/share/rosidl_typesupport_c/cmake/rosidl_typesupport_c_generate_interfaces.cmake
-- Installing: /home/xu/esp/test/micro_ros_espidf_component/micro_ros_src/install/share/rosidl_typesupport_c/resource
-- Installing: /home/xu/esp/test/micro_ros_espidf_component/micro_ros_src/install/share/rosidl_typesupport_c/resource/idl__type_support.cpp.em
-- Installing: /home/xu/esp/test/micro_ros_espidf_component/micro_ros_src/install/share/rosidl_typesupport_c/resource/msg__type_support.cpp.em
-- Installing: /home/xu/esp/test/micro_ros_espidf_component/micro_ros_src/install/share/rosidl_typesupport_c/resource/action__type_support.c.em
-- Installing: /home/xu/esp/test/micro_ros_espidf_component/micro_ros_src/install/share/rosidl_typesupport_c/resource/srv__type_support.cpp.em
-- Installing: /home/xu/esp/test/micro_ros_espidf_component/micro_ros_src/install/include/rosidl_typesupport_c
-- Installing: /home/xu/esp/test/micro_ros_espidf_component/micro_ros_src/install/include/rosidl_typesupport_c/rosidl_typesupport_c
-- Installing: /home/xu/esp/test/micro_ros_espidf_component/micro_ros_src/install/include/rosidl_typesupport_c/rosidl_typesupport_c/type_support_map.h
-- Installing: /home/xu/esp/test/micro_ros_espidf_component/micro_ros_src/install/include/rosidl_typesupport_c/rosidl_typesupport_c/identifier.h
-- Installing: /home/xu/esp/test/micro_ros_espidf_component/micro_ros_src/install/include/rosidl_typesupport_c/rosidl_typesupport_c/service_type_support_dispatch.h
-- Installing: /home/xu/esp/test/micro_ros_espidf_component/micro_ros_src/install/include/rosidl_typesupport_c/rosidl_typesupport_c/visibility_control.h
-- Installing: /home/xu/esp/test/micro_ros_espidf_component/micro_ros_src/install/include/rosidl_typesupport_c/rosidl_typesupport_c/message_type_support_dispatch.h
-- Installing: /home/xu/esp/test/micro_ros_espidf_component/micro_ros_src/install/lib/librosidl_typesupport_c.a
