Not searching for unused variables given on the command line.
-- Found ament_cmake: 1.3.2 (/home/xu/esp/test/micro_ros_espidf_component/micro_ros_dev/install/ament_cmake/share/ament_cmake/cmake)
-- Found Python3: /home/xu/.espressif/python_env/idf4.4_py3.10_env/bin/python3.10 (found version "3.10.6") found components: Interpreter 
-- Configuring done
-- Generating done
-- Build files have been written to: /home/xu/esp/test/micro_ros_espidf_component/micro_ros_src/build/rosidl_default_runtime
gmake[1]: Entering directory '/home/xu/esp/test/micro_ros_espidf_component/micro_ros_src/build/rosidl_default_runtime'
gmake[1]: Leaving directory '/home/xu/esp/test/micro_ros_espidf_component/micro_ros_src/build/rosidl_default_runtime'
-- Install configuration: "Release"
-- Installing: /home/xu/esp/test/micro_ros_espidf_component/micro_ros_src/install/share/ament_index/resource_index/package_run_dependencies/rosidl_default_runtime
-- Installing: /home/xu/esp/test/micro_ros_espidf_component/micro_ros_src/install/share/ament_index/resource_index/parent_prefix_path/rosidl_default_runtime
-- Installing: /home/xu/esp/test/micro_ros_espidf_component/micro_ros_src/install/share/rosidl_default_runtime/environment/ament_prefix_path.sh
-- Installing: /home/xu/esp/test/micro_ros_espidf_component/micro_ros_src/install/share/rosidl_default_runtime/environment/ament_prefix_path.dsv
-- Installing: /home/xu/esp/test/micro_ros_espidf_component/micro_ros_src/install/share/rosidl_default_runtime/environment/path.sh
-- Installing: /home/xu/esp/test/micro_ros_espidf_component/micro_ros_src/install/share/rosidl_default_runtime/environment/path.dsv
-- Installing: /home/xu/esp/test/micro_ros_espidf_component/micro_ros_src/install/share/rosidl_default_runtime/local_setup.bash
-- Installing: /home/xu/esp/test/micro_ros_espidf_component/micro_ros_src/install/share/rosidl_default_runtime/local_setup.sh
-- Installing: /home/xu/esp/test/micro_ros_espidf_component/micro_ros_src/install/share/rosidl_default_runtime/local_setup.zsh
-- Installing: /home/xu/esp/test/micro_ros_espidf_component/micro_ros_src/install/share/rosidl_default_runtime/local_setup.dsv
-- Installing: /home/xu/esp/test/micro_ros_espidf_component/micro_ros_src/install/share/rosidl_default_runtime/package.dsv
-- Installing: /home/xu/esp/test/micro_ros_espidf_component/micro_ros_src/install/share/ament_index/resource_index/packages/rosidl_default_runtime
-- Installing: /home/xu/esp/test/micro_ros_espidf_component/micro_ros_src/install/share/rosidl_default_runtime/cmake/rosidl_default_runtime-extras.cmake
-- Installing: /home/xu/esp/test/micro_ros_espidf_component/micro_ros_src/install/share/rosidl_default_runtime/cmake/rosidl_default_runtimeConfig.cmake
-- Installing: /home/xu/esp/test/micro_ros_espidf_component/micro_ros_src/install/share/rosidl_default_runtime/cmake/rosidl_default_runtimeConfig-version.cmake
-- Installing: /home/xu/esp/test/micro_ros_espidf_component/micro_ros_src/install/share/rosidl_default_runtime/package.xml
