[1.373s] Invoking command in '/home/xu/esp/test/micro_ros_espidf_component/micro_ros_src/src/ros2_tracing/tracetools_read': PYTHONPATH=/home/xu/esp/test/micro_ros_espidf_component/micro_ros_src/install/lib/python3.10/site-packages:${PYTHONPATH} X_CFLAGS=-mlongcalls -Wno-frame-address X_CXXFLAGS=-mlongcalls -Wno-frame-address /home/xu/.espressif/python_env/idf4.4_py3.10_env/bin/python setup.py egg_info --egg-base ../../../build/tracetools_read build --build-base /home/xu/esp/test/micro_ros_espidf_component/micro_ros_src/build/tracetools_read/build install --prefix /home/xu/esp/test/micro_ros_espidf_component/micro_ros_src/install --record /home/xu/esp/test/micro_ros_espidf_component/micro_ros_src/build/tracetools_read/install.log --single-version-externally-managed
[1.630s] running egg_info
[1.631s] creating ../../../build/tracetools_read/tracetools_read.egg-info
[1.631s] writing ../../../build/tracetools_read/tracetools_read.egg-info/PKG-INFO
[1.631s] writing dependency_links to ../../../build/tracetools_read/tracetools_read.egg-info/dependency_links.txt
[1.631s] writing requirements to ../../../build/tracetools_read/tracetools_read.egg-info/requires.txt
[1.631s] writing top-level names to ../../../build/tracetools_read/tracetools_read.egg-info/top_level.txt
[1.631s] writing manifest file '../../../build/tracetools_read/tracetools_read.egg-info/SOURCES.txt'
[1.632s] reading manifest file '../../../build/tracetools_read/tracetools_read.egg-info/SOURCES.txt'
[1.632s] writing manifest file '../../../build/tracetools_read/tracetools_read.egg-info/SOURCES.txt'
[1.632s] running build
[1.632s] running build_py
[1.633s] creating /home/xu/esp/test/micro_ros_espidf_component/micro_ros_src/build/tracetools_read/build
[1.633s] creating /home/xu/esp/test/micro_ros_espidf_component/micro_ros_src/build/tracetools_read/build/lib
[1.633s] creating /home/xu/esp/test/micro_ros_espidf_component/micro_ros_src/build/tracetools_read/build/lib/tracetools_read
[1.633s] copying tracetools_read/__init__.py -> /home/xu/esp/test/micro_ros_espidf_component/micro_ros_src/build/tracetools_read/build/lib/tracetools_read
[1.633s] copying tracetools_read/trace.py -> /home/xu/esp/test/micro_ros_espidf_component/micro_ros_src/build/tracetools_read/build/lib/tracetools_read
[1.633s] running install
[1.633s] /home/xu/.espressif/python_env/idf4.4_py3.10_env/lib/python3.10/site-packages/setuptools/command/install.py:34: SetuptoolsDeprecationWarning: setup.py install is deprecated. Use build and pip and other standards-based tools.
[1.633s]   warnings.warn(
[1.636s] running install_lib
[1.644s] creating /home/xu/esp/test/micro_ros_espidf_component/micro_ros_src/install/lib/python3.10/site-packages/tracetools_read
[1.644s] copying /home/xu/esp/test/micro_ros_espidf_component/micro_ros_src/build/tracetools_read/build/lib/tracetools_read/__init__.py -> /home/xu/esp/test/micro_ros_espidf_component/micro_ros_src/install/lib/python3.10/site-packages/tracetools_read
[1.644s] copying /home/xu/esp/test/micro_ros_espidf_component/micro_ros_src/build/tracetools_read/build/lib/tracetools_read/trace.py -> /home/xu/esp/test/micro_ros_espidf_component/micro_ros_src/install/lib/python3.10/site-packages/tracetools_read
[1.644s] byte-compiling /home/xu/esp/test/micro_ros_espidf_component/micro_ros_src/install/lib/python3.10/site-packages/tracetools_read/__init__.py to __init__.cpython-310.pyc
[1.645s] byte-compiling /home/xu/esp/test/micro_ros_espidf_component/micro_ros_src/install/lib/python3.10/site-packages/tracetools_read/trace.py to trace.cpython-310.pyc
[1.645s] running install_data
[1.653s] copying package.xml -> /home/xu/esp/test/micro_ros_espidf_component/micro_ros_src/install/share/tracetools_read
[1.653s] copying resource/tracetools_read -> /home/xu/esp/test/micro_ros_espidf_component/micro_ros_src/install/share/ament_index/resource_index/packages
[1.653s] running install_egg_info
[1.661s] Copying ../../../build/tracetools_read/tracetools_read.egg-info to /home/xu/esp/test/micro_ros_espidf_component/micro_ros_src/install/lib/python3.10/site-packages/tracetools_read-4.1.0-py3.10.egg-info
[1.662s] running install_scripts
[1.754s] writing list of installed files to '/home/xu/esp/test/micro_ros_espidf_component/micro_ros_src/build/tracetools_read/install.log'
[1.794s] Invoked command in '/home/xu/esp/test/micro_ros_espidf_component/micro_ros_src/src/ros2_tracing/tracetools_read' returned '0': PYTHONPATH=/home/xu/esp/test/micro_ros_espidf_component/micro_ros_src/install/lib/python3.10/site-packages:${PYTHONPATH} X_CFLAGS=-mlongcalls -Wno-frame-address X_CXXFLAGS=-mlongcalls -Wno-frame-address /home/xu/.espressif/python_env/idf4.4_py3.10_env/bin/python setup.py egg_info --egg-base ../../../build/tracetools_read build --build-base /home/xu/esp/test/micro_ros_espidf_component/micro_ros_src/build/tracetools_read/build install --prefix /home/xu/esp/test/micro_ros_espidf_component/micro_ros_src/install --record /home/xu/esp/test/micro_ros_espidf_component/micro_ros_src/build/tracetools_read/install.log --single-version-externally-managed
