Not searching for unused variables given on the command line.
-- The C compiler identification is GNU 8.4.0
-- The CXX compiler identification is GNU 8.4.0
-- Detecting C compiler ABI info
-- Detecting C compiler ABI info - done
-- Check for working C compiler: /home/xu/.espressif/tools/xtensa-esp32-elf/esp-2021r2-patch5-8.4.0/xtensa-esp32-elf/bin/xtensa-esp32-elf-gcc - skipped
-- Detecting C compile features
-- Detecting C compile features - done
-- Detecting CXX compiler ABI info
-- Detecting CXX compiler ABI info - done
-- Check for working CXX compiler: /home/xu/.espressif/tools/xtensa-esp32-elf/esp-2021r2-patch5-8.4.0/xtensa-esp32-elf/bin/xtensa-esp32-elf-g++ - skipped
-- Detecting CXX compile features
-- Detecting CXX compile features - done
-- Found ament_cmake: 1.3.2 (/home/xu/esp/test/micro_ros_espidf_component/micro_ros_dev/install/ament_cmake/share/ament_cmake/cmake)
-- Found Python3: /home/xu/.espressif/python_env/idf4.4_py3.10_env/bin/python3.10 (found version "3.10.6") found components: Interpreter 
-- Found rosidl_typesupport_introspection_c: 3.1.3 (/home/xu/esp/test/micro_ros_espidf_component/micro_ros_src/install/share/rosidl_typesupport_introspection_c/cmake)
-- Found rosidl_adapter: 3.1.3 (/home/xu/esp/test/micro_ros_espidf_component/micro_ros_src/install/share/rosidl_adapter/cmake)
-- Configuring done
-- Generating done
-- Build files have been written to: /home/xu/esp/test/micro_ros_espidf_component/micro_ros_src/build/micro_ros_utilities
gmake[1]: Entering directory '/home/xu/esp/test/micro_ros_espidf_component/micro_ros_src/build/micro_ros_utilities'
gmake[2]: Entering directory '/home/xu/esp/test/micro_ros_espidf_component/micro_ros_src/build/micro_ros_utilities'
gmake[3]: Entering directory '/home/xu/esp/test/micro_ros_espidf_component/micro_ros_src/build/micro_ros_utilities'
gmake[3]: Leaving directory '/home/xu/esp/test/micro_ros_espidf_component/micro_ros_src/build/micro_ros_utilities'
gmake[3]: Entering directory '/home/xu/esp/test/micro_ros_espidf_component/micro_ros_src/build/micro_ros_utilities'
[ 66%] Building C object CMakeFiles/micro_ros_utilities.dir/src/type_utilities.c.obj
[ 66%] Building C object CMakeFiles/micro_ros_utilities.dir/src/string_utilities.c.obj
[100%] Linking C static library libmicro_ros_utilities.a
gmake[3]: Leaving directory '/home/xu/esp/test/micro_ros_espidf_component/micro_ros_src/build/micro_ros_utilities'
[100%] Built target micro_ros_utilities
gmake[2]: Leaving directory '/home/xu/esp/test/micro_ros_espidf_component/micro_ros_src/build/micro_ros_utilities'
gmake[1]: Leaving directory '/home/xu/esp/test/micro_ros_espidf_component/micro_ros_src/build/micro_ros_utilities'
-- Install configuration: "Release"
-- Up-to-date: /home/xu/esp/test/micro_ros_espidf_component/micro_ros_src/install/include
-- Installing: /home/xu/esp/test/micro_ros_espidf_component/micro_ros_src/install/include/micro_ros_utilities
-- Installing: /home/xu/esp/test/micro_ros_espidf_component/micro_ros_src/install/include/micro_ros_utilities/type_utilities.h
-- Installing: /home/xu/esp/test/micro_ros_espidf_component/micro_ros_src/install/include/micro_ros_utilities/string_utilities.h
-- Installing: /home/xu/esp/test/micro_ros_espidf_component/micro_ros_src/install/include/micro_ros_utilities/visibility_control.h
-- Installing: /home/xu/esp/test/micro_ros_espidf_component/micro_ros_src/install/lib/libmicro_ros_utilities.a
-- Installing: /home/xu/esp/test/micro_ros_espidf_component/micro_ros_src/install/share/micro_ros_utilities/environment/library_path.sh
-- Installing: /home/xu/esp/test/micro_ros_espidf_component/micro_ros_src/install/share/micro_ros_utilities/environment/library_path.dsv
-- Installing: /home/xu/esp/test/micro_ros_espidf_component/micro_ros_src/install/share/ament_index/resource_index/package_run_dependencies/micro_ros_utilities
-- Installing: /home/xu/esp/test/micro_ros_espidf_component/micro_ros_src/install/share/ament_index/resource_index/parent_prefix_path/micro_ros_utilities
-- Installing: /home/xu/esp/test/micro_ros_espidf_component/micro_ros_src/install/share/micro_ros_utilities/environment/ament_prefix_path.sh
-- Installing: /home/xu/esp/test/micro_ros_espidf_component/micro_ros_src/install/share/micro_ros_utilities/environment/ament_prefix_path.dsv
-- Installing: /home/xu/esp/test/micro_ros_espidf_component/micro_ros_src/install/share/micro_ros_utilities/environment/path.sh
-- Installing: /home/xu/esp/test/micro_ros_espidf_component/micro_ros_src/install/share/micro_ros_utilities/environment/path.dsv
-- Installing: /home/xu/esp/test/micro_ros_espidf_component/micro_ros_src/install/share/micro_ros_utilities/local_setup.bash
-- Installing: /home/xu/esp/test/micro_ros_espidf_component/micro_ros_src/install/share/micro_ros_utilities/local_setup.sh
-- Installing: /home/xu/esp/test/micro_ros_espidf_component/micro_ros_src/install/share/micro_ros_utilities/local_setup.zsh
-- Installing: /home/xu/esp/test/micro_ros_espidf_component/micro_ros_src/install/share/micro_ros_utilities/local_setup.dsv
-- Installing: /home/xu/esp/test/micro_ros_espidf_component/micro_ros_src/install/share/micro_ros_utilities/package.dsv
-- Installing: /home/xu/esp/test/micro_ros_espidf_component/micro_ros_src/install/share/ament_index/resource_index/packages/micro_ros_utilities
-- Installing: /home/xu/esp/test/micro_ros_espidf_component/micro_ros_src/install/share/micro_ros_utilities/cmake/ament_cmake_export_include_directories-extras.cmake
-- Installing: /home/xu/esp/test/micro_ros_espidf_component/micro_ros_src/install/share/micro_ros_utilities/cmake/ament_cmake_export_libraries-extras.cmake
-- Installing: /home/xu/esp/test/micro_ros_espidf_component/micro_ros_src/install/share/micro_ros_utilities/cmake/ament_cmake_export_dependencies-extras.cmake
-- Installing: /home/xu/esp/test/micro_ros_espidf_component/micro_ros_src/install/share/micro_ros_utilities/cmake/micro_ros_utilitiesConfig.cmake
-- Installing: /home/xu/esp/test/micro_ros_espidf_component/micro_ros_src/install/share/micro_ros_utilities/cmake/micro_ros_utilitiesConfig-version.cmake
-- Installing: /home/xu/esp/test/micro_ros_espidf_component/micro_ros_src/install/share/micro_ros_utilities/package.xml
