Not searching for unused variables given on the command line.
-- The C compiler identification is GNU 8.4.0
-- The CXX compiler identification is GNU 8.4.0
-- Detecting C compiler ABI info
-- Detecting C compiler ABI info - done
-- Check for working C compiler: /home/xu/.espressif/tools/xtensa-esp32-elf/esp-2021r2-patch5-8.4.0/xtensa-esp32-elf/bin/xtensa-esp32-elf-gcc - skipped
-- Detecting C compile features
-- Detecting C compile features - done
-- Detecting CXX compiler ABI info
-- Detecting CXX compiler ABI info - done
-- Check for working CXX compiler: /home/xu/.espressif/tools/xtensa-esp32-elf/esp-2021r2-patch5-8.4.0/xtensa-esp32-elf/bin/xtensa-esp32-elf-g++ - skipped
-- Detecting CXX compile features
-- Detecting CXX compile features - done
-- Found ament_cmake_ros: 0.10.0 (/home/xu/esp/test/micro_ros_espidf_component/micro_ros_dev/install/ament_cmake_ros/share/ament_cmake_ros/cmake)
-- Found Python3: /home/xu/.espressif/python_env/idf4.4_py3.10_env/bin/python3.10 (found version "3.10.6") found components: Interpreter 
-- Found rcl_interfaces: 1.2.0 (/home/xu/esp/test/micro_ros_espidf_component/micro_ros_src/install/share/rcl_interfaces/cmake)
-- Using all available rosidl_typesupport_c: rosidl_typesupport_introspection_c;rosidl_typesupport_microxrcedds_c
-- Found rosidl_adapter: 3.1.3 (/home/xu/esp/test/micro_ros_espidf_component/micro_ros_src/install/share/rosidl_adapter/cmake)
-- Found rcl_logging_interface: 2.3.0 (/home/xu/esp/test/micro_ros_espidf_component/micro_ros_src/install/share/rcl_logging_interface/cmake)
-- Found rmw_implementation: 2.8.1 (/home/xu/esp/test/micro_ros_espidf_component/micro_ros_src/install/share/rmw_implementation/cmake)
-- Found rmw_implementation_cmake: 6.1.0 (/home/xu/esp/test/micro_ros_espidf_component/micro_ros_src/install/share/rmw_implementation_cmake/cmake)
-- Found rmw_microxrcedds: 3.0.0 (/home/xu/esp/test/micro_ros_espidf_component/micro_ros_src/install/share/rmw_microxrcedds/cmake)
-- Using RMW implementation 'rmw_microxrcedds'
-- Found tracetools: 4.1.0 (/home/xu/esp/test/micro_ros_espidf_component/micro_ros_src/install/share/tracetools/cmake)
-- Configuring done
-- Generating done
-- Build files have been written to: /home/xu/esp/test/micro_ros_espidf_component/micro_ros_src/build/rcl
CMake Warning at /home/xu/esp/test/micro_ros_espidf_component/micro_ros_src/install/share/rcutils/cmake/ament_cmake_export_libraries-extras.cmake:116 (message):
  Package 'rcutils' exports library 'dl' which couldn't be found
Call Stack (most recent call first):
  /home/xu/esp/test/micro_ros_espidf_component/micro_ros_src/install/share/rcutils/cmake/rcutilsConfig.cmake:41 (include)
  /home/xu/esp/test/micro_ros_espidf_component/micro_ros_src/install/share/rosidl_runtime_c/cmake/ament_cmake_export_dependencies-extras.cmake:21 (find_package)
  /home/xu/esp/test/micro_ros_espidf_component/micro_ros_src/install/share/rosidl_runtime_c/cmake/rosidl_runtime_cConfig.cmake:41 (include)
  /home/xu/esp/test/micro_ros_espidf_component/micro_ros_src/install/share/builtin_interfaces/cmake/ament_cmake_export_dependencies-extras.cmake:21 (find_package)
  /home/xu/esp/test/micro_ros_espidf_component/micro_ros_src/install/share/builtin_interfaces/cmake/builtin_interfacesConfig.cmake:41 (include)
  /home/xu/esp/test/micro_ros_espidf_component/micro_ros_src/install/share/rcl_interfaces/cmake/ament_cmake_export_dependencies-extras.cmake:21 (find_package)
  /home/xu/esp/test/micro_ros_espidf_component/micro_ros_src/install/share/rcl_interfaces/cmake/rcl_interfacesConfig.cmake:41 (include)
  CMakeLists.txt:10 (find_package)


gmake[1]: Entering directory '/home/xu/esp/test/micro_ros_espidf_component/micro_ros_src/build/rcl'
gmake[2]: Entering directory '/home/xu/esp/test/micro_ros_espidf_component/micro_ros_src/build/rcl'
gmake[3]: Entering directory '/home/xu/esp/test/micro_ros_espidf_component/micro_ros_src/build/rcl'
gmake[3]: Leaving directory '/home/xu/esp/test/micro_ros_espidf_component/micro_ros_src/build/rcl'
gmake[3]: Entering directory '/home/xu/esp/test/micro_ros_espidf_component/micro_ros_src/build/rcl'
[ 17%] Building C object CMakeFiles/rcl.dir/src/rcl/domain_id.c.obj
[ 17%] Building C object CMakeFiles/rcl.dir/src/rcl/context.c.obj
[ 17%] Building C object CMakeFiles/rcl.dir/src/rcl/common.c.obj
[ 17%] Building C object CMakeFiles/rcl.dir/src/rcl/event.c.obj
[ 20%] Building C object CMakeFiles/rcl.dir/src/rcl/guard_condition.c.obj
[ 24%] Building C object CMakeFiles/rcl.dir/src/rcl/graph.c.obj
[ 27%] Building C object CMakeFiles/rcl.dir/src/rcl/expand_topic_name.c.obj
[ 27%] Building C object CMakeFiles/rcl.dir/src/rcl/client.c.obj
[ 31%] Building C object CMakeFiles/rcl.dir/src/rcl/init_options.c.obj
[ 34%] Building C object CMakeFiles/rcl.dir/src/rcl/init.c.obj
[ 37%] Building C object CMakeFiles/rcl.dir/src/rcl/lexer.c.obj
[ 44%] Building C object CMakeFiles/rcl.dir/src/rcl/lexer_lookahead.c.obj
[ 44%] Building C object CMakeFiles/rcl.dir/src/rcl/network_flow_endpoints.c.obj
[ 48%] Building C object CMakeFiles/rcl.dir/src/rcl/localhost.c.obj
[ 51%] Building C object CMakeFiles/rcl.dir/src/rcl/node.c.obj
[ 55%] Building C object CMakeFiles/rcl.dir/src/rcl/node_options.c.obj
[ 62%] Building C object CMakeFiles/rcl.dir/src/rcl/remap.c.obj
[ 62%] Building C object CMakeFiles/rcl.dir/src/rcl/node_resolve_name.c.obj
[ 65%] Building C object CMakeFiles/rcl.dir/src/rcl/publisher.c.obj
[ 72%] Building C object CMakeFiles/rcl.dir/src/rcl/rmw_implementation_identifier_check.c.obj
[ 72%] Building C object CMakeFiles/rcl.dir/src/rcl/service.c.obj
[ 75%] Building C object CMakeFiles/rcl.dir/src/rcl/security.c.obj
[ 79%] Building C object CMakeFiles/rcl.dir/src/rcl/subscription.c.obj
[ 82%] Building C object CMakeFiles/rcl.dir/src/rcl/time.c.obj
[ 86%] Building C object CMakeFiles/rcl.dir/src/rcl/wait.c.obj
[ 89%] Building C object CMakeFiles/rcl.dir/src/rcl/validate_enclave_name.c.obj
[ 93%] Building C object CMakeFiles/rcl.dir/src/rcl/validate_topic_name.c.obj
[ 96%] Building C object CMakeFiles/rcl.dir/src/rcl/timer.c.obj
In file included from /home/xu/esp/test/micro_ros_espidf_component/micro_ros_src/src/rcl/rcl/src/rcl/domain_id.c:17:
/home/xu/esp/v4.4/esp-idf/components/newlib/platform_include/errno.h:10:2: warning: #include_next is a GCC extension
 #include_next "errno.h"
  ^~~~~~~~~~~~
/home/xu/esp/test/micro_ros_espidf_component/micro_ros_src/src/rcl/rcl/src/rcl/rmw_implementation_identifier_check.c: In function 'rcl_rmw_implementation_identifier_check':
/home/xu/esp/test/micro_ros_espidf_component/micro_ros_src/src/rcl/rcl/src/rcl/rmw_implementation_identifier_check.c:136:34: warning: unused variable 'rmw_error_msg' [-Wunused-variable]
     const rcutils_error_string_t rmw_error_msg = rcl_get_error_string();
                                  ^~~~~~~~~~~~~
/home/xu/esp/test/micro_ros_espidf_component/micro_ros_src/src/rcl/rcl/src/rcl/network_flow_endpoints.c: In function '__validate_network_flow_endpoint_array':
/home/xu/esp/test/micro_ros_espidf_component/micro_ros_src/src/rcl/rcl/src/rcl/network_flow_endpoints.c:43:22: warning: variable 'error_string' set but not used [-Wunused-but-set-variable]
   rmw_error_string_t error_string;
                      ^~~~~~~~~~~~
/home/xu/esp/test/micro_ros_espidf_component/micro_ros_src/src/rcl/rcl/src/rcl/network_flow_endpoints.c: In function 'rcl_publisher_get_network_flow_endpoints':
/home/xu/esp/test/micro_ros_espidf_component/micro_ros_src/src/rcl/rcl/src/rcl/network_flow_endpoints.c:75:22: warning: variable 'error_string' set but not used [-Wunused-but-set-variable]
   rmw_error_string_t error_string;
                      ^~~~~~~~~~~~
/home/xu/esp/test/micro_ros_espidf_component/micro_ros_src/src/rcl/rcl/src/rcl/network_flow_endpoints.c: In function 'rcl_subscription_get_network_flow_endpoints':
/home/xu/esp/test/micro_ros_espidf_component/micro_ros_src/src/rcl/rcl/src/rcl/network_flow_endpoints.c:106:22: warning: variable 'error_string' set but not used [-Wunused-but-set-variable]
   rmw_error_string_t error_string;
                      ^~~~~~~~~~~~
/home/xu/esp/test/micro_ros_espidf_component/micro_ros_src/src/rcl/rcl/src/rcl/node.c: In function 'rcl_node_init':
/home/xu/esp/test/micro_ros_espidf_component/micro_ros_src/src/rcl/rcl/src/rcl/node.c:166:18: warning: unused variable 'msg' [-Wunused-variable]
     const char * msg = rmw_node_name_validation_result_string(validation_result);
                  ^~~
/home/xu/esp/test/micro_ros_espidf_component/micro_ros_src/src/rcl/rcl/src/rcl/node.c:198:18: warning: unused variable 'msg' [-Wunused-variable]
     const char * msg = rmw_namespace_validation_result_string(validation_result);
                  ^~~
/home/xu/esp/test/micro_ros_espidf_component/micro_ros_src/src/rcl/rcl/src/rcl/init_options.c: In function 'rcl_init_options_copy':
/home/xu/esp/test/micro_ros_espidf_component/micro_ros_src/src/rcl/rcl/src/rcl/init_options.c:108:24: warning: unused variable 'error_string' [-Wunused-variable]
     rmw_error_string_t error_string = rmw_get_error_string();
                        ^~~~~~~~~~~~
/home/xu/esp/test/micro_ros_espidf_component/micro_ros_src/src/rcl/rcl/src/rcl/node_resolve_name.c: In function 'rcl_resolve_name':
/home/xu/esp/test/micro_ros_espidf_component/micro_ros_src/src/rcl/rcl/src/rcl/node_resolve_name.c:49:28: warning: unused variable 'error' [-Wunused-variable]
     rcutils_error_string_t error = rcutils_get_error_string();
                            ^~~~~
/home/xu/esp/test/micro_ros_espidf_component/micro_ros_src/src/rcl/rcl/src/rcl/node_resolve_name.c:97:18: warning: unused variable 'error' [-Wunused-variable]
     const char * error = rmw_get_error_string().str;
                  ^~~~~
/home/xu/esp/test/micro_ros_espidf_component/micro_ros_src/src/rcl/rcl/src/rcl/node_resolve_name.c:114:28: warning: unused variable 'error' [-Wunused-variable]
     rcutils_error_string_t error = rcutils_get_error_string();
                            ^~~~~
/home/xu/esp/test/micro_ros_espidf_component/micro_ros_src/src/rcl/rcl/src/rcl/node_resolve_name.c:33:27: warning: unused parameter 'local_args' [-Wunused-parameter]
   const rcl_arguments_t * local_args,
   ~~~~~~~~~~~~~~~~~~~~~~~~^~~~~~~~~~
/home/xu/esp/test/micro_ros_espidf_component/micro_ros_src/src/rcl/rcl/src/rcl/node_resolve_name.c:34:27: warning: unused parameter 'global_args' [-Wunused-parameter]
   const rcl_arguments_t * global_args,
   ~~~~~~~~~~~~~~~~~~~~~~~~^~~~~~~~~~~
/home/xu/esp/test/micro_ros_espidf_component/micro_ros_src/src/rcl/rcl/src/rcl/node_resolve_name.c:40:8: warning: unused parameter 'only_expand' [-Wunused-parameter]
   bool only_expand,
        ^
/home/xu/esp/test/micro_ros_espidf_component/micro_ros_src/src/rcl/rcl/src/rcl/graph.c: In function '__validate_node_name_and_namespace':
/home/xu/esp/test/micro_ros_espidf_component/micro_ros_src/src/rcl/rcl/src/rcl/graph.c:56:18: warning: unused variable 'msg' [-Wunused-variable]
     const char * msg = rmw_namespace_validation_result_string(validation_result);
                  ^~~
/home/xu/esp/test/micro_ros_espidf_component/micro_ros_src/src/rcl/rcl/src/rcl/graph.c:68:18: warning: unused variable 'msg' [-Wunused-variable]
     const char * msg = rmw_node_name_validation_result_string(validation_result);
                  ^~~
/home/xu/esp/test/micro_ros_espidf_component/micro_ros_src/src/rcl/rcl/src/rcl/graph.c: In function '_rcl_wait_for_entities':
/home/xu/esp/test/micro_ros_espidf_component/micro_ros_src/src/rcl/rcl/src/rcl/graph.c:524:28: warning: unused variable 'error' [-Wunused-variable]
     rcutils_error_string_t error = rcutils_get_error_string();
                            ^~~~~
/home/xu/esp/test/micro_ros_espidf_component/micro_ros_src/src/rcl/rcl/src/rcl/graph.c:558:32: warning: unused variable 'error' [-Wunused-variable]
         rcutils_error_string_t error = rcutils_get_error_string();
                                ^~~~~
/home/xu/esp/test/micro_ros_espidf_component/micro_ros_src/src/rcl/rcl/src/rcl/graph.c: In function '__rcl_get_info_by_topic':
/home/xu/esp/test/micro_ros_espidf_component/micro_ros_src/src/rcl/rcl/src/rcl/graph.c:657:22: warning: variable 'error_string' set but not used [-Wunused-but-set-variable]
   rmw_error_string_t error_string;
                      ^~~~~~~~~~~~
[100%] Linking CXX static library librcl.a
gmake[3]: Leaving directory '/home/xu/esp/test/micro_ros_espidf_component/micro_ros_src/build/rcl'
[100%] Built target rcl
gmake[2]: Leaving directory '/home/xu/esp/test/micro_ros_espidf_component/micro_ros_src/build/rcl'
gmake[1]: Leaving directory '/home/xu/esp/test/micro_ros_espidf_component/micro_ros_src/build/rcl'
-- Install configuration: "Release"
-- Installing: /home/xu/esp/test/micro_ros_espidf_component/micro_ros_src/install/lib/librcl.a
-- Installing: /home/xu/esp/test/micro_ros_espidf_component/micro_ros_src/install/share/rcl/environment/library_path.sh
-- Installing: /home/xu/esp/test/micro_ros_espidf_component/micro_ros_src/install/share/rcl/environment/library_path.dsv
-- Installing: /home/xu/esp/test/micro_ros_espidf_component/micro_ros_src/install/share/ament_index/resource_index/package_run_dependencies/rcl
-- Installing: /home/xu/esp/test/micro_ros_espidf_component/micro_ros_src/install/share/ament_index/resource_index/parent_prefix_path/rcl
-- Installing: /home/xu/esp/test/micro_ros_espidf_component/micro_ros_src/install/share/rcl/environment/ament_prefix_path.sh
-- Installing: /home/xu/esp/test/micro_ros_espidf_component/micro_ros_src/install/share/rcl/environment/ament_prefix_path.dsv
-- Installing: /home/xu/esp/test/micro_ros_espidf_component/micro_ros_src/install/share/rcl/environment/path.sh
-- Installing: /home/xu/esp/test/micro_ros_espidf_component/micro_ros_src/install/share/rcl/environment/path.dsv
-- Installing: /home/xu/esp/test/micro_ros_espidf_component/micro_ros_src/install/share/rcl/local_setup.bash
-- Installing: /home/xu/esp/test/micro_ros_espidf_component/micro_ros_src/install/share/rcl/local_setup.sh
-- Installing: /home/xu/esp/test/micro_ros_espidf_component/micro_ros_src/install/share/rcl/local_setup.zsh
-- Installing: /home/xu/esp/test/micro_ros_espidf_component/micro_ros_src/install/share/rcl/local_setup.dsv
-- Installing: /home/xu/esp/test/micro_ros_espidf_component/micro_ros_src/install/share/rcl/package.dsv
-- Installing: /home/xu/esp/test/micro_ros_espidf_component/micro_ros_src/install/share/ament_index/resource_index/packages/rcl
-- Installing: /home/xu/esp/test/micro_ros_espidf_component/micro_ros_src/install/share/rcl/cmake/rclExport.cmake
-- Installing: /home/xu/esp/test/micro_ros_espidf_component/micro_ros_src/install/share/rcl/cmake/rclExport-release.cmake
-- Installing: /home/xu/esp/test/micro_ros_espidf_component/micro_ros_src/install/share/rcl/cmake/rcl-extras.cmake
-- Installing: /home/xu/esp/test/micro_ros_espidf_component/micro_ros_src/install/share/rcl/cmake/ament_cmake_export_include_directories-extras.cmake
-- Installing: /home/xu/esp/test/micro_ros_espidf_component/micro_ros_src/install/share/rcl/cmake/ament_cmake_export_libraries-extras.cmake
-- Installing: /home/xu/esp/test/micro_ros_espidf_component/micro_ros_src/install/share/rcl/cmake/ament_cmake_export_targets-extras.cmake
-- Installing: /home/xu/esp/test/micro_ros_espidf_component/micro_ros_src/install/share/rcl/cmake/ament_cmake_export_dependencies-extras.cmake
-- Installing: /home/xu/esp/test/micro_ros_espidf_component/micro_ros_src/install/share/rcl/cmake/rclConfig.cmake
-- Installing: /home/xu/esp/test/micro_ros_espidf_component/micro_ros_src/install/share/rcl/cmake/rclConfig-version.cmake
-- Installing: /home/xu/esp/test/micro_ros_espidf_component/micro_ros_src/install/share/rcl/package.xml
-- Up-to-date: /home/xu/esp/test/micro_ros_espidf_component/micro_ros_src/install/share/rcl/cmake
-- Installing: /home/xu/esp/test/micro_ros_espidf_component/micro_ros_src/install/share/rcl/cmake/get_default_rcl_logging_implementation.cmake
-- Installing: /home/xu/esp/test/micro_ros_espidf_component/micro_ros_src/install/share/rcl/cmake/rcl_set_symbol_visibility_hidden.cmake
-- Installing: /home/xu/esp/test/micro_ros_espidf_component/micro_ros_src/install/include/rcl
-- Installing: /home/xu/esp/test/micro_ros_espidf_component/micro_ros_src/install/include/rcl/rcl
-- Installing: /home/xu/esp/test/micro_ros_espidf_component/micro_ros_src/install/include/rcl/rcl/remap.h
-- Installing: /home/xu/esp/test/micro_ros_espidf_component/micro_ros_src/install/include/rcl/rcl/service.h
-- Installing: /home/xu/esp/test/micro_ros_espidf_component/micro_ros_src/install/include/rcl/rcl/init.h
-- Installing: /home/xu/esp/test/micro_ros_espidf_component/micro_ros_src/install/include/rcl/rcl/timer.h
-- Installing: /home/xu/esp/test/micro_ros_espidf_component/micro_ros_src/install/include/rcl/rcl/graph.h
-- Installing: /home/xu/esp/test/micro_ros_espidf_component/micro_ros_src/install/include/rcl/rcl/security.h
-- Installing: /home/xu/esp/test/micro_ros_espidf_component/micro_ros_src/install/include/rcl/rcl/logging_rosout.h
-- Installing: /home/xu/esp/test/micro_ros_espidf_component/micro_ros_src/install/include/rcl/rcl/context.h
-- Installing: /home/xu/esp/test/micro_ros_espidf_component/micro_ros_src/install/include/rcl/rcl/validate_topic_name.h
-- Installing: /home/xu/esp/test/micro_ros_espidf_component/micro_ros_src/install/include/rcl/rcl/guard_condition.h
-- Installing: /home/xu/esp/test/micro_ros_espidf_component/micro_ros_src/install/include/rcl/rcl/log_level.h
-- Installing: /home/xu/esp/test/micro_ros_espidf_component/micro_ros_src/install/include/rcl/rcl/allocator.h
-- Installing: /home/xu/esp/test/micro_ros_espidf_component/micro_ros_src/install/include/rcl/rcl/arguments.h
-- Installing: /home/xu/esp/test/micro_ros_espidf_component/micro_ros_src/install/include/rcl/rcl/logging.h
-- Installing: /home/xu/esp/test/micro_ros_espidf_component/micro_ros_src/install/include/rcl/rcl/domain_id.h
-- Installing: /home/xu/esp/test/micro_ros_espidf_component/micro_ros_src/install/include/rcl/rcl/types.h
-- Installing: /home/xu/esp/test/micro_ros_espidf_component/micro_ros_src/install/include/rcl/rcl/validate_enclave_name.h
-- Installing: /home/xu/esp/test/micro_ros_espidf_component/micro_ros_src/install/include/rcl/rcl/network_flow_endpoints.h
-- Installing: /home/xu/esp/test/micro_ros_espidf_component/micro_ros_src/install/include/rcl/rcl/subscription.h
-- Installing: /home/xu/esp/test/micro_ros_espidf_component/micro_ros_src/install/include/rcl/rcl/rmw_implementation_identifier_check.h
-- Installing: /home/xu/esp/test/micro_ros_espidf_component/micro_ros_src/install/include/rcl/rcl/rcl.h
-- Installing: /home/xu/esp/test/micro_ros_espidf_component/micro_ros_src/install/include/rcl/rcl/lexer.h
-- Installing: /home/xu/esp/test/micro_ros_espidf_component/micro_ros_src/install/include/rcl/rcl/lexer_lookahead.h
-- Installing: /home/xu/esp/test/micro_ros_espidf_component/micro_ros_src/install/include/rcl/rcl/time.h
-- Installing: /home/xu/esp/test/micro_ros_espidf_component/micro_ros_src/install/include/rcl/rcl/event_callback.h
-- Installing: /home/xu/esp/test/micro_ros_espidf_component/micro_ros_src/install/include/rcl/rcl/event.h
-- Installing: /home/xu/esp/test/micro_ros_espidf_component/micro_ros_src/install/include/rcl/rcl/publisher.h
-- Installing: /home/xu/esp/test/micro_ros_espidf_component/micro_ros_src/install/include/rcl/rcl/wait.h
-- Installing: /home/xu/esp/test/micro_ros_espidf_component/micro_ros_src/install/include/rcl/rcl/macros.h
-- Installing: /home/xu/esp/test/micro_ros_espidf_component/micro_ros_src/install/include/rcl/rcl/node_options.h
-- Installing: /home/xu/esp/test/micro_ros_espidf_component/micro_ros_src/install/include/rcl/rcl/client.h
-- Installing: /home/xu/esp/test/micro_ros_espidf_component/micro_ros_src/install/include/rcl/rcl/init_options.h
-- Installing: /home/xu/esp/test/micro_ros_espidf_component/micro_ros_src/install/include/rcl/rcl/error_handling.h
-- Installing: /home/xu/esp/test/micro_ros_espidf_component/micro_ros_src/install/include/rcl/rcl/node.h
-- Installing: /home/xu/esp/test/micro_ros_espidf_component/micro_ros_src/install/include/rcl/rcl/visibility_control.h
-- Installing: /home/xu/esp/test/micro_ros_espidf_component/micro_ros_src/install/include/rcl/rcl/localhost.h
-- Installing: /home/xu/esp/test/micro_ros_espidf_component/micro_ros_src/install/include/rcl/rcl/expand_topic_name.h
