[1.405s] Invoking command in '/home/xu/esp/test/micro_ros_espidf_component/micro_ros_src/src/ros2_tracing/tracetools_trace': PYTHONPATH=/home/xu/esp/test/micro_ros_espidf_component/micro_ros_src/install/lib/python3.10/site-packages:${PYTHONPATH} X_CFLAGS=-mlongcalls -Wno-frame-address X_CXXFLAGS=-mlongcalls -Wno-frame-address /home/xu/.espressif/python_env/idf4.4_py3.10_env/bin/python setup.py egg_info --egg-base ../../../build/tracetools_trace build --build-base /home/xu/esp/test/micro_ros_espidf_component/micro_ros_src/build/tracetools_trace/build install --prefix /home/xu/esp/test/micro_ros_espidf_component/micro_ros_src/install --record /home/xu/esp/test/micro_ros_espidf_component/micro_ros_src/build/tracetools_trace/install.log --single-version-externally-managed
[1.661s] running egg_info
[1.661s] creating ../../../build/tracetools_trace/tracetools_trace.egg-info
[1.661s] writing ../../../build/tracetools_trace/tracetools_trace.egg-info/PKG-INFO
[1.661s] writing dependency_links to ../../../build/tracetools_trace/tracetools_trace.egg-info/dependency_links.txt
[1.661s] writing entry points to ../../../build/tracetools_trace/tracetools_trace.egg-info/entry_points.txt
[1.662s] writing requirements to ../../../build/tracetools_trace/tracetools_trace.egg-info/requires.txt
[1.662s] writing top-level names to ../../../build/tracetools_trace/tracetools_trace.egg-info/top_level.txt
[1.662s] writing manifest file '../../../build/tracetools_trace/tracetools_trace.egg-info/SOURCES.txt'
[1.663s] reading manifest file '../../../build/tracetools_trace/tracetools_trace.egg-info/SOURCES.txt'
[1.664s] writing manifest file '../../../build/tracetools_trace/tracetools_trace.egg-info/SOURCES.txt'
[1.664s] running build
[1.664s] running build_py
[1.664s] creating /home/xu/esp/test/micro_ros_espidf_component/micro_ros_src/build/tracetools_trace/build
[1.664s] creating /home/xu/esp/test/micro_ros_espidf_component/micro_ros_src/build/tracetools_trace/build/lib
[1.664s] creating /home/xu/esp/test/micro_ros_espidf_component/micro_ros_src/build/tracetools_trace/build/lib/tracetools_trace
[1.664s] copying tracetools_trace/__init__.py -> /home/xu/esp/test/micro_ros_espidf_component/micro_ros_src/build/tracetools_trace/build/lib/tracetools_trace
[1.664s] copying tracetools_trace/trace.py -> /home/xu/esp/test/micro_ros_espidf_component/micro_ros_src/build/tracetools_trace/build/lib/tracetools_trace
[1.664s] creating /home/xu/esp/test/micro_ros_espidf_component/micro_ros_src/build/tracetools_trace/build/lib/tracetools_trace/tools
[1.665s] copying tracetools_trace/tools/signals.py -> /home/xu/esp/test/micro_ros_espidf_component/micro_ros_src/build/tracetools_trace/build/lib/tracetools_trace/tools
[1.665s] copying tracetools_trace/tools/__init__.py -> /home/xu/esp/test/micro_ros_espidf_component/micro_ros_src/build/tracetools_trace/build/lib/tracetools_trace/tools
[1.665s] copying tracetools_trace/tools/lttng_stub.py -> /home/xu/esp/test/micro_ros_espidf_component/micro_ros_src/build/tracetools_trace/build/lib/tracetools_trace/tools
[1.665s] copying tracetools_trace/tools/tracepoints.py -> /home/xu/esp/test/micro_ros_espidf_component/micro_ros_src/build/tracetools_trace/build/lib/tracetools_trace/tools
[1.665s] copying tracetools_trace/tools/path.py -> /home/xu/esp/test/micro_ros_espidf_component/micro_ros_src/build/tracetools_trace/build/lib/tracetools_trace/tools
[1.665s] copying tracetools_trace/tools/lttng.py -> /home/xu/esp/test/micro_ros_espidf_component/micro_ros_src/build/tracetools_trace/build/lib/tracetools_trace/tools
[1.665s] copying tracetools_trace/tools/args.py -> /home/xu/esp/test/micro_ros_espidf_component/micro_ros_src/build/tracetools_trace/build/lib/tracetools_trace/tools
[1.665s] copying tracetools_trace/tools/names.py -> /home/xu/esp/test/micro_ros_espidf_component/micro_ros_src/build/tracetools_trace/build/lib/tracetools_trace/tools
[1.665s] copying tracetools_trace/tools/lttng_impl.py -> /home/xu/esp/test/micro_ros_espidf_component/micro_ros_src/build/tracetools_trace/build/lib/tracetools_trace/tools
[1.665s] running install
[1.665s] /home/xu/.espressif/python_env/idf4.4_py3.10_env/lib/python3.10/site-packages/setuptools/command/install.py:34: SetuptoolsDeprecationWarning: setup.py install is deprecated. Use build and pip and other standards-based tools.
[1.665s]   warnings.warn(
[1.669s] running install_lib
[1.677s] creating /home/xu/esp/test/micro_ros_espidf_component/micro_ros_src/install/lib/python3.10/site-packages/tracetools_trace
[1.677s] copying /home/xu/esp/test/micro_ros_espidf_component/micro_ros_src/build/tracetools_trace/build/lib/tracetools_trace/__init__.py -> /home/xu/esp/test/micro_ros_espidf_component/micro_ros_src/install/lib/python3.10/site-packages/tracetools_trace
[1.678s] creating /home/xu/esp/test/micro_ros_espidf_component/micro_ros_src/install/lib/python3.10/site-packages/tracetools_trace/tools
[1.678s] copying /home/xu/esp/test/micro_ros_espidf_component/micro_ros_src/build/tracetools_trace/build/lib/tracetools_trace/tools/signals.py -> /home/xu/esp/test/micro_ros_espidf_component/micro_ros_src/install/lib/python3.10/site-packages/tracetools_trace/tools
[1.678s] copying /home/xu/esp/test/micro_ros_espidf_component/micro_ros_src/build/tracetools_trace/build/lib/tracetools_trace/tools/__init__.py -> /home/xu/esp/test/micro_ros_espidf_component/micro_ros_src/install/lib/python3.10/site-packages/tracetools_trace/tools
[1.678s] copying /home/xu/esp/test/micro_ros_espidf_component/micro_ros_src/build/tracetools_trace/build/lib/tracetools_trace/tools/lttng_stub.py -> /home/xu/esp/test/micro_ros_espidf_component/micro_ros_src/install/lib/python3.10/site-packages/tracetools_trace/tools
[1.678s] copying /home/xu/esp/test/micro_ros_espidf_component/micro_ros_src/build/tracetools_trace/build/lib/tracetools_trace/tools/tracepoints.py -> /home/xu/esp/test/micro_ros_espidf_component/micro_ros_src/install/lib/python3.10/site-packages/tracetools_trace/tools
[1.678s] copying /home/xu/esp/test/micro_ros_espidf_component/micro_ros_src/build/tracetools_trace/build/lib/tracetools_trace/tools/path.py -> /home/xu/esp/test/micro_ros_espidf_component/micro_ros_src/install/lib/python3.10/site-packages/tracetools_trace/tools
[1.678s] copying /home/xu/esp/test/micro_ros_espidf_component/micro_ros_src/build/tracetools_trace/build/lib/tracetools_trace/tools/lttng.py -> /home/xu/esp/test/micro_ros_espidf_component/micro_ros_src/install/lib/python3.10/site-packages/tracetools_trace/tools
[1.678s] copying /home/xu/esp/test/micro_ros_espidf_component/micro_ros_src/build/tracetools_trace/build/lib/tracetools_trace/tools/args.py -> /home/xu/esp/test/micro_ros_espidf_component/micro_ros_src/install/lib/python3.10/site-packages/tracetools_trace/tools
[1.678s] copying /home/xu/esp/test/micro_ros_espidf_component/micro_ros_src/build/tracetools_trace/build/lib/tracetools_trace/tools/names.py -> /home/xu/esp/test/micro_ros_espidf_component/micro_ros_src/install/lib/python3.10/site-packages/tracetools_trace/tools
[1.678s] copying /home/xu/esp/test/micro_ros_espidf_component/micro_ros_src/build/tracetools_trace/build/lib/tracetools_trace/tools/lttng_impl.py -> /home/xu/esp/test/micro_ros_espidf_component/micro_ros_src/install/lib/python3.10/site-packages/tracetools_trace/tools
[1.678s] copying /home/xu/esp/test/micro_ros_espidf_component/micro_ros_src/build/tracetools_trace/build/lib/tracetools_trace/trace.py -> /home/xu/esp/test/micro_ros_espidf_component/micro_ros_src/install/lib/python3.10/site-packages/tracetools_trace
[1.678s] byte-compiling /home/xu/esp/test/micro_ros_espidf_component/micro_ros_src/install/lib/python3.10/site-packages/tracetools_trace/__init__.py to __init__.cpython-310.pyc
[1.679s] byte-compiling /home/xu/esp/test/micro_ros_espidf_component/micro_ros_src/install/lib/python3.10/site-packages/tracetools_trace/tools/signals.py to signals.cpython-310.pyc
[1.679s] byte-compiling /home/xu/esp/test/micro_ros_espidf_component/micro_ros_src/install/lib/python3.10/site-packages/tracetools_trace/tools/__init__.py to __init__.cpython-310.pyc
[1.679s] byte-compiling /home/xu/esp/test/micro_ros_espidf_component/micro_ros_src/install/lib/python3.10/site-packages/tracetools_trace/tools/lttng_stub.py to lttng_stub.cpython-310.pyc
[1.679s] byte-compiling /home/xu/esp/test/micro_ros_espidf_component/micro_ros_src/install/lib/python3.10/site-packages/tracetools_trace/tools/tracepoints.py to tracepoints.cpython-310.pyc
[1.680s] byte-compiling /home/xu/esp/test/micro_ros_espidf_component/micro_ros_src/install/lib/python3.10/site-packages/tracetools_trace/tools/path.py to path.cpython-310.pyc
[1.680s] byte-compiling /home/xu/esp/test/micro_ros_espidf_component/micro_ros_src/install/lib/python3.10/site-packages/tracetools_trace/tools/lttng.py to lttng.cpython-310.pyc
[1.680s] byte-compiling /home/xu/esp/test/micro_ros_espidf_component/micro_ros_src/install/lib/python3.10/site-packages/tracetools_trace/tools/args.py to args.cpython-310.pyc
[1.680s] byte-compiling /home/xu/esp/test/micro_ros_espidf_component/micro_ros_src/install/lib/python3.10/site-packages/tracetools_trace/tools/names.py to names.cpython-310.pyc
[1.681s] byte-compiling /home/xu/esp/test/micro_ros_espidf_component/micro_ros_src/install/lib/python3.10/site-packages/tracetools_trace/tools/lttng_impl.py to lttng_impl.cpython-310.pyc
[1.682s] byte-compiling /home/xu/esp/test/micro_ros_espidf_component/micro_ros_src/install/lib/python3.10/site-packages/tracetools_trace/trace.py to trace.cpython-310.pyc
[1.682s] running install_data
[1.690s] copying package.xml -> /home/xu/esp/test/micro_ros_espidf_component/micro_ros_src/install/share/tracetools_trace
[1.690s] copying resource/tracetools_trace -> /home/xu/esp/test/micro_ros_espidf_component/micro_ros_src/install/share/ament_index/resource_index/packages
[1.690s] running install_egg_info
[1.776s] Copying ../../../build/tracetools_trace/tracetools_trace.egg-info to /home/xu/esp/test/micro_ros_espidf_component/micro_ros_src/install/lib/python3.10/site-packages/tracetools_trace-4.1.0-py3.10.egg-info
[1.776s] running install_scripts
[1.784s] Installing trace script to /home/xu/esp/test/micro_ros_espidf_component/micro_ros_src/install/bin
[1.784s] writing list of installed files to '/home/xu/esp/test/micro_ros_espidf_component/micro_ros_src/build/tracetools_trace/install.log'
[1.934s] Invoked command in '/home/xu/esp/test/micro_ros_espidf_component/micro_ros_src/src/ros2_tracing/tracetools_trace' returned '0': PYTHONPATH=/home/xu/esp/test/micro_ros_espidf_component/micro_ros_src/install/lib/python3.10/site-packages:${PYTHONPATH} X_CFLAGS=-mlongcalls -Wno-frame-address X_CXXFLAGS=-mlongcalls -Wno-frame-address /home/xu/.espressif/python_env/idf4.4_py3.10_env/bin/python setup.py egg_info --egg-base ../../../build/tracetools_trace build --build-base /home/xu/esp/test/micro_ros_espidf_component/micro_ros_src/build/tracetools_trace/build install --prefix /home/xu/esp/test/micro_ros_espidf_component/micro_ros_src/install --record /home/xu/esp/test/micro_ros_espidf_component/micro_ros_src/build/tracetools_trace/install.log --single-version-externally-managed
