Not searching for unused variables given on the command line.
-- The C compiler identification is GNU 8.4.0
-- The CXX compiler identification is GNU 8.4.0
-- Detecting C compiler ABI info
-- Detecting C compiler ABI info - done
-- Check for working C compiler: /home/xu/.espressif/tools/xtensa-esp32-elf/esp-2021r2-patch5-8.4.0/xtensa-esp32-elf/bin/xtensa-esp32-elf-gcc - skipped
-- Detecting C compile features
-- Detecting C compile features - done
-- Detecting CXX compiler ABI info
-- Detecting CXX compiler ABI info - done
-- Check for working CXX compiler: /home/xu/.espressif/tools/xtensa-esp32-elf/esp-2021r2-patch5-8.4.0/xtensa-esp32-elf/bin/xtensa-esp32-elf-g++ - skipped
-- Detecting CXX compile features
-- Detecting CXX compile features - done
-- Found ament_cmake: 1.3.2 (/home/xu/esp/test/micro_ros_espidf_component/micro_ros_dev/install/ament_cmake/share/ament_cmake/cmake)
-- Found Python3: /home/xu/.espressif/python_env/idf4.4_py3.10_env/bin/python3.10 (found version "3.10.6") found components: Interpreter 
-- Found rcl: 5.3.2 (/home/xu/esp/test/micro_ros_espidf_component/micro_ros_src/install/share/rcl/cmake)
CMake Warning at /home/xu/esp/test/micro_ros_espidf_component/micro_ros_src/install/share/rcutils/cmake/ament_cmake_export_libraries-extras.cmake:116 (message):
  Package 'rcutils' exports library 'dl' which couldn't be found
Call Stack (most recent call first):
  /home/xu/esp/test/micro_ros_espidf_component/micro_ros_src/install/share/rcutils/cmake/rcutilsConfig.cmake:41 (include)
  /home/xu/esp/test/micro_ros_espidf_component/micro_ros_src/install/share/rosidl_runtime_c/cmake/ament_cmake_export_dependencies-extras.cmake:21 (find_package)
  /home/xu/esp/test/micro_ros_espidf_component/micro_ros_src/install/share/rosidl_runtime_c/cmake/rosidl_runtime_cConfig.cmake:41 (include)
  /home/xu/esp/test/micro_ros_espidf_component/micro_ros_src/install/share/builtin_interfaces/cmake/ament_cmake_export_dependencies-extras.cmake:21 (find_package)
  /home/xu/esp/test/micro_ros_espidf_component/micro_ros_src/install/share/builtin_interfaces/cmake/builtin_interfacesConfig.cmake:41 (include)
  /home/xu/esp/test/micro_ros_espidf_component/micro_ros_src/install/share/rcl_interfaces/cmake/ament_cmake_export_dependencies-extras.cmake:21 (find_package)
  /home/xu/esp/test/micro_ros_espidf_component/micro_ros_src/install/share/rcl_interfaces/cmake/rcl_interfacesConfig.cmake:41 (include)
  /home/xu/esp/test/micro_ros_espidf_component/micro_ros_src/install/share/rcl/cmake/ament_cmake_export_dependencies-extras.cmake:21 (find_package)
  /home/xu/esp/test/micro_ros_espidf_component/micro_ros_src/install/share/rcl/cmake/rclConfig.cmake:41 (include)
  CMakeLists.txt:34 (find_package)


-- Using all available rosidl_typesupport_c: rosidl_typesupport_introspection_c;rosidl_typesupport_microxrcedds_c
-- Found rosidl_adapter: 3.1.3 (/home/xu/esp/test/micro_ros_espidf_component/micro_ros_src/install/share/rosidl_adapter/cmake)
-- Found rmw_implementation_cmake: 6.1.0 (/home/xu/esp/test/micro_ros_espidf_component/micro_ros_src/install/share/rmw_implementation_cmake/cmake)
-- Found rmw_microxrcedds: 3.0.0 (/home/xu/esp/test/micro_ros_espidf_component/micro_ros_src/install/share/rmw_microxrcedds/cmake)
-- Using RMW implementation 'rmw_microxrcedds'
-- Found rclc: 4.0.1 (/home/xu/esp/test/micro_ros_espidf_component/micro_ros_src/install/share/rclc/cmake)
-- Configuring done
-- Generating done
-- Build files have been written to: /home/xu/esp/test/micro_ros_espidf_component/micro_ros_src/build/rclc_parameter
gmake[1]: Entering directory '/home/xu/esp/test/micro_ros_espidf_component/micro_ros_src/build/rclc_parameter'
/usr/bin/cmake -S/home/xu/esp/test/micro_ros_espidf_component/micro_ros_src/src/rclc/rclc_parameter -B/home/xu/esp/test/micro_ros_espidf_component/micro_ros_src/build/rclc_parameter --check-build-system CMakeFiles/Makefile.cmake 0
/usr/bin/cmake -E cmake_progress_start /home/xu/esp/test/micro_ros_espidf_component/micro_ros_src/build/rclc_parameter/CMakeFiles /home/xu/esp/test/micro_ros_espidf_component/micro_ros_src/build/rclc_parameter//CMakeFiles/progress.marks
/usr/bin/gmake  -f CMakeFiles/Makefile2 all
gmake[2]: Entering directory '/home/xu/esp/test/micro_ros_espidf_component/micro_ros_src/build/rclc_parameter'
/usr/bin/gmake  -f CMakeFiles/rclc_parameter.dir/build.make CMakeFiles/rclc_parameter.dir/depend
gmake[3]: Entering directory '/home/xu/esp/test/micro_ros_espidf_component/micro_ros_src/build/rclc_parameter'
cd /home/xu/esp/test/micro_ros_espidf_component/micro_ros_src/build/rclc_parameter && /usr/bin/cmake -E cmake_depends "Unix Makefiles" /home/xu/esp/test/micro_ros_espidf_component/micro_ros_src/src/rclc/rclc_parameter /home/xu/esp/test/micro_ros_espidf_component/micro_ros_src/src/rclc/rclc_parameter /home/xu/esp/test/micro_ros_espidf_component/micro_ros_src/build/rclc_parameter /home/xu/esp/test/micro_ros_espidf_component/micro_ros_src/build/rclc_parameter /home/xu/esp/test/micro_ros_espidf_component/micro_ros_src/build/rclc_parameter/CMakeFiles/rclc_parameter.dir/DependInfo.cmake --color=
gmake[3]: Leaving directory '/home/xu/esp/test/micro_ros_espidf_component/micro_ros_src/build/rclc_parameter'
/usr/bin/gmake  -f CMakeFiles/rclc_parameter.dir/build.make CMakeFiles/rclc_parameter.dir/build
gmake[3]: Entering directory '/home/xu/esp/test/micro_ros_espidf_component/micro_ros_src/build/rclc_parameter'
[ 66%] Building C object CMakeFiles/rclc_parameter.dir/src/rclc_parameter/parameter_utils.c.obj
[ 66%] Building C object CMakeFiles/rclc_parameter.dir/src/rclc_parameter/parameter_server.c.obj
/home/xu/.espressif/tools/xtensa-esp32-elf/esp-2021r2-patch5-8.4.0/xtensa-esp32-elf/bin/xtensa-esp32-elf-gcc -DESP_PLATFORM -DLWIP_IPV4 -DLWIP_IPV6 -DPLATFORM_NAME_FREERTOS -DRCLC_PARAMETER_BUILDING_LIBRARY -DRCLC_PARAMETER_MAX_STRING_LENGTH=50 -I/home/xu/esp/test/micro_ros_espidf_component/examples/int32_sub_pub/build/config -I/home/xu/esp/v4.4/esp-idf/components/newlib/platform_include -I/home/xu/esp/v4.4/esp-idf/components/freertos/include -I/home/xu/esp/v4.4/esp-idf/components/freertos/xtensa/include -I/home/xu/esp/v4.4/esp-idf/components/freertos/port/xtensa/include -I/home/xu/esp/v4.4/esp-idf/components/esp_hw_support/include -I/home/xu/esp/v4.4/esp-idf/components/hal/include -I/home/xu/esp/v4.4/esp-idf/components/hal/esp32/include -I/home/xu/esp/v4.4/esp-idf/components/heap/include -I/home/xu/esp/v4.4/esp-idf/components/log/include -I/home/xu/esp/v4.4/esp-idf/components/lwip/include/apps -I/home/xu/esp/v4.4/esp-idf/components/lwip/include/apps/sntp -I/home/xu/esp/v4.4/esp-idf/components/lwip/lwip/src/include -I/home/xu/esp/v4.4/esp-idf/components/lwip/port/esp32/include -I/home/xu/esp/v4.4/esp-idf/components/lwip/port/esp32/include/arch -I/home/xu/esp/v4.4/esp-idf/components/lwip/port/esp32/tcp_isn -I/home/xu/esp/v4.4/esp-idf/components/soc/src/esp32/. -I/home/xu/esp/v4.4/esp-idf/components/soc/src/esp32/include -I/home/xu/esp/v4.4/esp-idf/components/soc/include -I/home/xu/esp/v4.4/esp-idf/components/soc/esp32/include -I/home/xu/esp/v4.4/esp-idf/components/esp_rom/include -I/home/xu/esp/v4.4/esp-idf/components/esp_common/include -I/home/xu/esp/v4.4/esp-idf/components/esp_system/include -I/home/xu/esp/v4.4/esp-idf/components/xtensa/include -I/home/xu/esp/v4.4/esp-idf/components/xtensa/esp32/include -I/home/xu/esp/v4.4/esp-idf/components/esp32/include -I/home/xu/esp/v4.4/esp-idf/components/driver/include -I/home/xu/esp/v4.4/esp-idf/components/driver/esp32/include -I/home/xu/esp/v4.4/esp-idf/components/esp_ringbuf/include -I/home/xu/esp/v4.4/esp-idf/components/efuse/include -I/home/xu/esp/v4.4/esp-idf/components/efuse/esp32/include -I/home/xu/esp/v4.4/esp-idf/components/espcoredump/include -I/home/xu/esp/v4.4/esp-idf/components/esp_timer/include -I/home/xu/esp/v4.4/esp-idf/components/esp_ipc/include -I/home/xu/esp/v4.4/esp-idf/components/soc/soc/esp32/include -I/home/xu/esp/v4.4/esp-idf/components/soc/soc/esp32/../include -I/home/xu/esp/v4.4/esp-idf/components/soc/soc/esp32/private_include -I/home/xu/esp/v4.4/esp-idf/components/vfs/include -I/home/xu/esp/v4.4/esp-idf/components/esp_wifi/include -I/home/xu/esp/v4.4/esp-idf/components/esp_wifi/esp32/include -I/home/xu/esp/v4.4/esp-idf/components/esp_event/include -I/home/xu/esp/v4.4/esp-idf/components/esp_netif/include -I/home/xu/esp/v4.4/esp-idf/components/esp_eth/include -I/home/xu/esp/v4.4/esp-idf/components/tcpip_adapter/include -I/home/xu/esp/v4.4/esp-idf/components/app_trace/include -I/home/xu/esp/v4.4/esp-idf/components/mbedtls/port/include -I/home/xu/esp/v4.4/esp-idf/components/mbedtls/mbedtls/include -I/home/xu/esp/v4.4/esp-idf/components/mbedtls/esp_crt_bundle/include -I/home/xu/esp/v4.4/esp-idf/components/bootloader_support/include -I/home/xu/esp/v4.4/esp-idf/components/app_update/include -I/home/xu/esp/v4.4/esp-idf/components/spi_flash/include -I/home/xu/esp/v4.4/esp-idf/components/wpa_supplicant/include -I/home/xu/esp/v4.4/esp-idf/components/wpa_supplicant/port/include -I/home/xu/esp/v4.4/esp-idf/components/wpa_supplicant/include/esp_supplicant -I/home/xu/esp/v4.4/esp-idf/components/nvs_flash/include -I/home/xu/esp/v4.4/esp-idf/components/pthread/include -I/home/xu/esp/v4.4/esp-idf/components/perfmon/include -I/home/xu/esp/v4.4/esp-idf/components/asio/asio/asio/include -I/home/xu/esp/v4.4/esp-idf/components/asio/port/include -I/home/xu/esp/v4.4/esp-idf/components/cbor/port/include -I/home/xu/esp/v4.4/esp-idf/components/coap/port/include -I/home/xu/esp/v4.4/esp-idf/components/coap/port/include/coap -I/home/xu/esp/v4.4/esp-idf/components/coap/libcoap/include -I/home/xu/esp/v4.4/esp-idf/components/coap/libcoap/include/coap2 -I/home/xu/esp/v4.4/esp-idf/components/console -I/home/xu/esp/v4.4/esp-idf/components/nghttp/port/include -I/home/xu/esp/v4.4/esp-idf/components/nghttp/nghttp2/lib/includes -I/home/xu/esp/v4.4/esp-idf/components/esp-tls -I/home/xu/esp/v4.4/esp-idf/components/esp_adc_cal/include -I/home/xu/esp/v4.4/esp-idf/components/esp_gdbstub/include -I/home/xu/esp/v4.4/esp-idf/components/esp_hid/include -I/home/xu/esp/v4.4/esp-idf/components/tcp_transport/include -I/home/xu/esp/v4.4/esp-idf/components/esp_http_client/include -I/home/xu/esp/v4.4/esp-idf/components/esp_http_server/include -I/home/xu/esp/v4.4/esp-idf/components/esp_https_ota/include -I/home/xu/esp/v4.4/esp-idf/components/protobuf-c/protobuf-c -I/home/xu/esp/v4.4/esp-idf/components/protocomm/include/common -I/home/xu/esp/v4.4/esp-idf/components/protocomm/include/security -I/home/xu/esp/v4.4/esp-idf/components/protocomm/include/transports -I/home/xu/esp/v4.4/esp-idf/components/mdns/include -I/home/xu/esp/v4.4/esp-idf/components/esp_local_ctrl/include -I/home/xu/esp/v4.4/esp-idf/components/sdmmc/include -I/home/xu/esp/v4.4/esp-idf/components/esp_serial_slave_link/include -I/home/xu/esp/v4.4/esp-idf/components/esp_websocket_client/include -I/home/xu/esp/v4.4/esp-idf/components/expat/expat/expat/lib -I/home/xu/esp/v4.4/esp-idf/components/expat/port/include -I/home/xu/esp/v4.4/esp-idf/components/wear_levelling/include -I/home/xu/esp/v4.4/esp-idf/components/fatfs/diskio -I/home/xu/esp/v4.4/esp-idf/components/fatfs/vfs -I/home/xu/esp/v4.4/esp-idf/components/fatfs/src -I/home/xu/esp/v4.4/esp-idf/components/freemodbus/common/include -I/home/xu/esp/v4.4/esp-idf/components/idf_test/include -I/home/xu/esp/v4.4/esp-idf/components/idf_test/include/esp32 -I/home/xu/esp/v4.4/esp-idf/components/jsmn/include -I/home/xu/esp/v4.4/esp-idf/components/json/cJSON -I/home/xu/esp/v4.4/esp-idf/components/libsodium/libsodium/src/libsodium/include -I/home/xu/esp/v4.4/esp-idf/components/libsodium/port_include -I/home/xu/esp/v4.4/esp-idf/components/mqtt/esp-mqtt/include -I/home/xu/esp/v4.4/esp-idf/components/openssl/include -I/home/xu/esp/v4.4/esp-idf/components/spiffs/include -I/home/xu/esp/v4.4/esp-idf/components/ulp/include -I/home/xu/esp/v4.4/esp-idf/components/unity/include -I/home/xu/esp/v4.4/esp-idf/components/unity/unity/src -I/home/xu/esp/v4.4/esp-idf/components/wifi_provisioning/include -I/home/xu/esp/v4.4/esp-idf/components/freertos/include/esp_additions/freertos -I/home/xu/esp/v4.4/esp-idf/components/freertos/include/esp_additions -I/home/xu/esp/v4.4/esp-idf/components/esp_hw_support/include/soc -I/home/xu/esp/v4.4/esp-idf/components/esp_hw_support/include/soc/esp32 -I/home/xu/esp/v4.4/esp-idf/components/esp_hw_support/port/esp32/. -I/home/xu/esp/test/micro_ros_espidf_component/micro_ros_src/src/rclc/rclc_parameter/include -I/home/xu/esp/test/micro_ros_espidf_component/micro_ros_src/src/rclc/rclc_parameter/src -isystem /home/xu/esp/test/micro_ros_espidf_component/micro_ros_src/install/include/rcl -isystem /home/xu/esp/test/micro_ros_espidf_component/micro_ros_src/install/include -isystem /home/xu/esp/test/micro_ros_espidf_component/micro_ros_src/install/include/rosidl_typesupport_interface -isystem /home/xu/esp/test/micro_ros_espidf_component/micro_ros_src/install/include/rcutils -isystem /home/xu/esp/test/micro_ros_espidf_component/micro_ros_src/install/include/builtin_interfaces -isystem /home/xu/esp/test/micro_ros_espidf_component/micro_ros_src/install/include/rcl_interfaces -isystem /home/xu/esp/test/micro_ros_espidf_component/micro_ros_src/install/include/rosidl_runtime_c -isystem /home/xu/esp/test/micro_ros_espidf_component/micro_ros_src/install/include/rosidl_typesupport_introspection_c -isystem /home/xu/esp/test/micro_ros_espidf_component/micro_ros_src/install/include/rcl_logging_interface -isystem /home/xu/esp/test/micro_ros_espidf_component/micro_ros_src/install/include/rmw -isystem /home/xu/esp/test/micro_ros_espidf_component/micro_ros_src/install/include/tracetools -isystem /home/xu/esp/test/micro_ros_espidf_component/micro_ros_src/install/include/rcl_action -isystem /home/xu/esp/test/micro_ros_espidf_component/micro_ros_src/install/include/action_msgs -isystem /home/xu/esp/test/micro_ros_espidf_component/micro_ros_src/install/include/unique_identifier_msgs -mlongcalls -Wno-frame-address  -ffunction-sections -fdata-sections -O3 -DNDEBUG -Wall -Wextra -Wpedantic -std=gnu11 -MD -MT CMakeFiles/rclc_parameter.dir/src/rclc_parameter/parameter_utils.c.obj -MF CMakeFiles/rclc_parameter.dir/src/rclc_parameter/parameter_utils.c.obj.d -o CMakeFiles/rclc_parameter.dir/src/rclc_parameter/parameter_utils.c.obj -c /home/xu/esp/test/micro_ros_espidf_component/micro_ros_src/src/rclc/rclc_parameter/src/rclc_parameter/parameter_utils.c
/home/xu/.espressif/tools/xtensa-esp32-elf/esp-2021r2-patch5-8.4.0/xtensa-esp32-elf/bin/xtensa-esp32-elf-gcc -DESP_PLATFORM -DLWIP_IPV4 -DLWIP_IPV6 -DPLATFORM_NAME_FREERTOS -DRCLC_PARAMETER_BUILDING_LIBRARY -DRCLC_PARAMETER_MAX_STRING_LENGTH=50 -I/home/xu/esp/test/micro_ros_espidf_component/examples/int32_sub_pub/build/config -I/home/xu/esp/v4.4/esp-idf/components/newlib/platform_include -I/home/xu/esp/v4.4/esp-idf/components/freertos/include -I/home/xu/esp/v4.4/esp-idf/components/freertos/xtensa/include -I/home/xu/esp/v4.4/esp-idf/components/freertos/port/xtensa/include -I/home/xu/esp/v4.4/esp-idf/components/esp_hw_support/include -I/home/xu/esp/v4.4/esp-idf/components/hal/include -I/home/xu/esp/v4.4/esp-idf/components/hal/esp32/include -I/home/xu/esp/v4.4/esp-idf/components/heap/include -I/home/xu/esp/v4.4/esp-idf/components/log/include -I/home/xu/esp/v4.4/esp-idf/components/lwip/include/apps -I/home/xu/esp/v4.4/esp-idf/components/lwip/include/apps/sntp -I/home/xu/esp/v4.4/esp-idf/components/lwip/lwip/src/include -I/home/xu/esp/v4.4/esp-idf/components/lwip/port/esp32/include -I/home/xu/esp/v4.4/esp-idf/components/lwip/port/esp32/include/arch -I/home/xu/esp/v4.4/esp-idf/components/lwip/port/esp32/tcp_isn -I/home/xu/esp/v4.4/esp-idf/components/soc/src/esp32/. -I/home/xu/esp/v4.4/esp-idf/components/soc/src/esp32/include -I/home/xu/esp/v4.4/esp-idf/components/soc/include -I/home/xu/esp/v4.4/esp-idf/components/soc/esp32/include -I/home/xu/esp/v4.4/esp-idf/components/esp_rom/include -I/home/xu/esp/v4.4/esp-idf/components/esp_common/include -I/home/xu/esp/v4.4/esp-idf/components/esp_system/include -I/home/xu/esp/v4.4/esp-idf/components/xtensa/include -I/home/xu/esp/v4.4/esp-idf/components/xtensa/esp32/include -I/home/xu/esp/v4.4/esp-idf/components/esp32/include -I/home/xu/esp/v4.4/esp-idf/components/driver/include -I/home/xu/esp/v4.4/esp-idf/components/driver/esp32/include -I/home/xu/esp/v4.4/esp-idf/components/esp_ringbuf/include -I/home/xu/esp/v4.4/esp-idf/components/efuse/include -I/home/xu/esp/v4.4/esp-idf/components/efuse/esp32/include -I/home/xu/esp/v4.4/esp-idf/components/espcoredump/include -I/home/xu/esp/v4.4/esp-idf/components/esp_timer/include -I/home/xu/esp/v4.4/esp-idf/components/esp_ipc/include -I/home/xu/esp/v4.4/esp-idf/components/soc/soc/esp32/include -I/home/xu/esp/v4.4/esp-idf/components/soc/soc/esp32/../include -I/home/xu/esp/v4.4/esp-idf/components/soc/soc/esp32/private_include -I/home/xu/esp/v4.4/esp-idf/components/vfs/include -I/home/xu/esp/v4.4/esp-idf/components/esp_wifi/include -I/home/xu/esp/v4.4/esp-idf/components/esp_wifi/esp32/include -I/home/xu/esp/v4.4/esp-idf/components/esp_event/include -I/home/xu/esp/v4.4/esp-idf/components/esp_netif/include -I/home/xu/esp/v4.4/esp-idf/components/esp_eth/include -I/home/xu/esp/v4.4/esp-idf/components/tcpip_adapter/include -I/home/xu/esp/v4.4/esp-idf/components/app_trace/include -I/home/xu/esp/v4.4/esp-idf/components/mbedtls/port/include -I/home/xu/esp/v4.4/esp-idf/components/mbedtls/mbedtls/include -I/home/xu/esp/v4.4/esp-idf/components/mbedtls/esp_crt_bundle/include -I/home/xu/esp/v4.4/esp-idf/components/bootloader_support/include -I/home/xu/esp/v4.4/esp-idf/components/app_update/include -I/home/xu/esp/v4.4/esp-idf/components/spi_flash/include -I/home/xu/esp/v4.4/esp-idf/components/wpa_supplicant/include -I/home/xu/esp/v4.4/esp-idf/components/wpa_supplicant/port/include -I/home/xu/esp/v4.4/esp-idf/components/wpa_supplicant/include/esp_supplicant -I/home/xu/esp/v4.4/esp-idf/components/nvs_flash/include -I/home/xu/esp/v4.4/esp-idf/components/pthread/include -I/home/xu/esp/v4.4/esp-idf/components/perfmon/include -I/home/xu/esp/v4.4/esp-idf/components/asio/asio/asio/include -I/home/xu/esp/v4.4/esp-idf/components/asio/port/include -I/home/xu/esp/v4.4/esp-idf/components/cbor/port/include -I/home/xu/esp/v4.4/esp-idf/components/coap/port/include -I/home/xu/esp/v4.4/esp-idf/components/coap/port/include/coap -I/home/xu/esp/v4.4/esp-idf/components/coap/libcoap/include -I/home/xu/esp/v4.4/esp-idf/components/coap/libcoap/include/coap2 -I/home/xu/esp/v4.4/esp-idf/components/console -I/home/xu/esp/v4.4/esp-idf/components/nghttp/port/include -I/home/xu/esp/v4.4/esp-idf/components/nghttp/nghttp2/lib/includes -I/home/xu/esp/v4.4/esp-idf/components/esp-tls -I/home/xu/esp/v4.4/esp-idf/components/esp_adc_cal/include -I/home/xu/esp/v4.4/esp-idf/components/esp_gdbstub/include -I/home/xu/esp/v4.4/esp-idf/components/esp_hid/include -I/home/xu/esp/v4.4/esp-idf/components/tcp_transport/include -I/home/xu/esp/v4.4/esp-idf/components/esp_http_client/include -I/home/xu/esp/v4.4/esp-idf/components/esp_http_server/include -I/home/xu/esp/v4.4/esp-idf/components/esp_https_ota/include -I/home/xu/esp/v4.4/esp-idf/components/protobuf-c/protobuf-c -I/home/xu/esp/v4.4/esp-idf/components/protocomm/include/common -I/home/xu/esp/v4.4/esp-idf/components/protocomm/include/security -I/home/xu/esp/v4.4/esp-idf/components/protocomm/include/transports -I/home/xu/esp/v4.4/esp-idf/components/mdns/include -I/home/xu/esp/v4.4/esp-idf/components/esp_local_ctrl/include -I/home/xu/esp/v4.4/esp-idf/components/sdmmc/include -I/home/xu/esp/v4.4/esp-idf/components/esp_serial_slave_link/include -I/home/xu/esp/v4.4/esp-idf/components/esp_websocket_client/include -I/home/xu/esp/v4.4/esp-idf/components/expat/expat/expat/lib -I/home/xu/esp/v4.4/esp-idf/components/expat/port/include -I/home/xu/esp/v4.4/esp-idf/components/wear_levelling/include -I/home/xu/esp/v4.4/esp-idf/components/fatfs/diskio -I/home/xu/esp/v4.4/esp-idf/components/fatfs/vfs -I/home/xu/esp/v4.4/esp-idf/components/fatfs/src -I/home/xu/esp/v4.4/esp-idf/components/freemodbus/common/include -I/home/xu/esp/v4.4/esp-idf/components/idf_test/include -I/home/xu/esp/v4.4/esp-idf/components/idf_test/include/esp32 -I/home/xu/esp/v4.4/esp-idf/components/jsmn/include -I/home/xu/esp/v4.4/esp-idf/components/json/cJSON -I/home/xu/esp/v4.4/esp-idf/components/libsodium/libsodium/src/libsodium/include -I/home/xu/esp/v4.4/esp-idf/components/libsodium/port_include -I/home/xu/esp/v4.4/esp-idf/components/mqtt/esp-mqtt/include -I/home/xu/esp/v4.4/esp-idf/components/openssl/include -I/home/xu/esp/v4.4/esp-idf/components/spiffs/include -I/home/xu/esp/v4.4/esp-idf/components/ulp/include -I/home/xu/esp/v4.4/esp-idf/components/unity/include -I/home/xu/esp/v4.4/esp-idf/components/unity/unity/src -I/home/xu/esp/v4.4/esp-idf/components/wifi_provisioning/include -I/home/xu/esp/v4.4/esp-idf/components/freertos/include/esp_additions/freertos -I/home/xu/esp/v4.4/esp-idf/components/freertos/include/esp_additions -I/home/xu/esp/v4.4/esp-idf/components/esp_hw_support/include/soc -I/home/xu/esp/v4.4/esp-idf/components/esp_hw_support/include/soc/esp32 -I/home/xu/esp/v4.4/esp-idf/components/esp_hw_support/port/esp32/. -I/home/xu/esp/test/micro_ros_espidf_component/micro_ros_src/src/rclc/rclc_parameter/include -I/home/xu/esp/test/micro_ros_espidf_component/micro_ros_src/src/rclc/rclc_parameter/src -isystem /home/xu/esp/test/micro_ros_espidf_component/micro_ros_src/install/include/rcl -isystem /home/xu/esp/test/micro_ros_espidf_component/micro_ros_src/install/include -isystem /home/xu/esp/test/micro_ros_espidf_component/micro_ros_src/install/include/rosidl_typesupport_interface -isystem /home/xu/esp/test/micro_ros_espidf_component/micro_ros_src/install/include/rcutils -isystem /home/xu/esp/test/micro_ros_espidf_component/micro_ros_src/install/include/builtin_interfaces -isystem /home/xu/esp/test/micro_ros_espidf_component/micro_ros_src/install/include/rcl_interfaces -isystem /home/xu/esp/test/micro_ros_espidf_component/micro_ros_src/install/include/rosidl_runtime_c -isystem /home/xu/esp/test/micro_ros_espidf_component/micro_ros_src/install/include/rosidl_typesupport_introspection_c -isystem /home/xu/esp/test/micro_ros_espidf_component/micro_ros_src/install/include/rcl_logging_interface -isystem /home/xu/esp/test/micro_ros_espidf_component/micro_ros_src/install/include/rmw -isystem /home/xu/esp/test/micro_ros_espidf_component/micro_ros_src/install/include/tracetools -isystem /home/xu/esp/test/micro_ros_espidf_component/micro_ros_src/install/include/rcl_action -isystem /home/xu/esp/test/micro_ros_espidf_component/micro_ros_src/install/include/action_msgs -isystem /home/xu/esp/test/micro_ros_espidf_component/micro_ros_src/install/include/unique_identifier_msgs -mlongcalls -Wno-frame-address  -ffunction-sections -fdata-sections -O3 -DNDEBUG -Wall -Wextra -Wpedantic -std=gnu11 -MD -MT CMakeFiles/rclc_parameter.dir/src/rclc_parameter/parameter_server.c.obj -MF CMakeFiles/rclc_parameter.dir/src/rclc_parameter/parameter_server.c.obj.d -o CMakeFiles/rclc_parameter.dir/src/rclc_parameter/parameter_server.c.obj -c /home/xu/esp/test/micro_ros_espidf_component/micro_ros_src/src/rclc/rclc_parameter/src/rclc_parameter/parameter_server.c
In file included from /home/xu/esp/test/micro_ros_espidf_component/micro_ros_src/src/rclc/rclc_parameter/src/rclc_parameter/parameter_server.c:20:
/home/xu/esp/v4.4/esp-idf/components/newlib/platform_include/time.h:22:2: warning: #include_next is a GCC extension
 #include_next <time.h>
  ^~~~~~~~~~~~
[100%] Linking CXX static library librclc_parameter.a
/usr/bin/cmake -P CMakeFiles/rclc_parameter.dir/cmake_clean_target.cmake
/usr/bin/cmake -E cmake_link_script CMakeFiles/rclc_parameter.dir/link.txt --verbose=1
/home/xu/.espressif/tools/xtensa-esp32-elf/esp-2021r2-patch5-8.4.0/xtensa-esp32-elf/bin/xtensa-esp32-elf-ar qc librclc_parameter.a CMakeFiles/rclc_parameter.dir/src/rclc_parameter/parameter_server.c.obj CMakeFiles/rclc_parameter.dir/src/rclc_parameter/parameter_utils.c.obj
/home/xu/.espressif/tools/xtensa-esp32-elf/esp-2021r2-patch5-8.4.0/xtensa-esp32-elf/bin/xtensa-esp32-elf-ranlib librclc_parameter.a
gmake[3]: Leaving directory '/home/xu/esp/test/micro_ros_espidf_component/micro_ros_src/build/rclc_parameter'
[100%] Built target rclc_parameter
gmake[2]: Leaving directory '/home/xu/esp/test/micro_ros_espidf_component/micro_ros_src/build/rclc_parameter'
/usr/bin/cmake -E cmake_progress_start /home/xu/esp/test/micro_ros_espidf_component/micro_ros_src/build/rclc_parameter/CMakeFiles 0
gmake[1]: Leaving directory '/home/xu/esp/test/micro_ros_espidf_component/micro_ros_src/build/rclc_parameter'
-- Install configuration: "Release"
-- Installing: /home/xu/esp/test/micro_ros_espidf_component/micro_ros_src/install/lib/librclc_parameter.a
-- Up-to-date: /home/xu/esp/test/micro_ros_espidf_component/micro_ros_src/install/include
-- Installing: /home/xu/esp/test/micro_ros_espidf_component/micro_ros_src/install/include/rclc_parameter
-- Installing: /home/xu/esp/test/micro_ros_espidf_component/micro_ros_src/install/include/rclc_parameter/rclc_parameter.h
-- Installing: /home/xu/esp/test/micro_ros_espidf_component/micro_ros_src/install/include/rclc_parameter/visibility_control.h
-- Installing: /home/xu/esp/test/micro_ros_espidf_component/micro_ros_src/install/share/rclc_parameter/environment/library_path.sh
-- Installing: /home/xu/esp/test/micro_ros_espidf_component/micro_ros_src/install/share/rclc_parameter/environment/library_path.dsv
-- Installing: /home/xu/esp/test/micro_ros_espidf_component/micro_ros_src/install/share/ament_index/resource_index/package_run_dependencies/rclc_parameter
-- Installing: /home/xu/esp/test/micro_ros_espidf_component/micro_ros_src/install/share/ament_index/resource_index/parent_prefix_path/rclc_parameter
-- Installing: /home/xu/esp/test/micro_ros_espidf_component/micro_ros_src/install/share/rclc_parameter/environment/ament_prefix_path.sh
-- Installing: /home/xu/esp/test/micro_ros_espidf_component/micro_ros_src/install/share/rclc_parameter/environment/ament_prefix_path.dsv
-- Installing: /home/xu/esp/test/micro_ros_espidf_component/micro_ros_src/install/share/rclc_parameter/environment/path.sh
-- Installing: /home/xu/esp/test/micro_ros_espidf_component/micro_ros_src/install/share/rclc_parameter/environment/path.dsv
-- Installing: /home/xu/esp/test/micro_ros_espidf_component/micro_ros_src/install/share/rclc_parameter/local_setup.bash
-- Installing: /home/xu/esp/test/micro_ros_espidf_component/micro_ros_src/install/share/rclc_parameter/local_setup.sh
-- Installing: /home/xu/esp/test/micro_ros_espidf_component/micro_ros_src/install/share/rclc_parameter/local_setup.zsh
-- Installing: /home/xu/esp/test/micro_ros_espidf_component/micro_ros_src/install/share/rclc_parameter/local_setup.dsv
-- Installing: /home/xu/esp/test/micro_ros_espidf_component/micro_ros_src/install/share/rclc_parameter/package.dsv
-- Installing: /home/xu/esp/test/micro_ros_espidf_component/micro_ros_src/install/share/ament_index/resource_index/packages/rclc_parameter
-- Installing: /home/xu/esp/test/micro_ros_espidf_component/micro_ros_src/install/share/rclc_parameter/cmake/rclc_parameterExport.cmake
-- Installing: /home/xu/esp/test/micro_ros_espidf_component/micro_ros_src/install/share/rclc_parameter/cmake/rclc_parameterExport-release.cmake
-- Installing: /home/xu/esp/test/micro_ros_espidf_component/micro_ros_src/install/share/rclc_parameter/cmake/ament_cmake_export_include_directories-extras.cmake
-- Installing: /home/xu/esp/test/micro_ros_espidf_component/micro_ros_src/install/share/rclc_parameter/cmake/ament_cmake_export_libraries-extras.cmake
-- Installing: /home/xu/esp/test/micro_ros_espidf_component/micro_ros_src/install/share/rclc_parameter/cmake/ament_cmake_export_targets-extras.cmake
-- Installing: /home/xu/esp/test/micro_ros_espidf_component/micro_ros_src/install/share/rclc_parameter/cmake/ament_cmake_export_dependencies-extras.cmake
-- Installing: /home/xu/esp/test/micro_ros_espidf_component/micro_ros_src/install/share/rclc_parameter/cmake/rclc_parameterConfig.cmake
-- Installing: /home/xu/esp/test/micro_ros_espidf_component/micro_ros_src/install/share/rclc_parameter/cmake/rclc_parameterConfig-version.cmake
-- Installing: /home/xu/esp/test/micro_ros_espidf_component/micro_ros_src/install/share/rclc_parameter/package.xml
