Not searching for unused variables given on the command line.
-- The C compiler identification is GNU 8.4.0
-- The CXX compiler identification is GNU 8.4.0
-- Detecting C compiler ABI info
-- Detecting C compiler ABI info - done
-- Check for working C compiler: /home/xu/.espressif/tools/xtensa-esp32-elf/esp-2021r2-patch5-8.4.0/xtensa-esp32-elf/bin/xtensa-esp32-elf-gcc - skipped
-- Detecting C compile features
-- Detecting C compile features - done
-- Detecting CXX compiler ABI info
-- Detecting CXX compiler ABI info - done
-- Check for working CXX compiler: /home/xu/.espressif/tools/xtensa-esp32-elf/esp-2021r2-patch5-8.4.0/xtensa-esp32-elf/bin/xtensa-esp32-elf-g++ - skipped
-- Detecting CXX compile features
-- Detecting CXX compile features - done
-- Found ament_cmake_ros: 0.10.0 (/home/xu/esp/test/micro_ros_espidf_component/micro_ros_dev/install/ament_cmake_ros/share/ament_cmake_ros/cmake)
-- Found Python3: /home/xu/.espressif/python_env/idf4.4_py3.10_env/bin/python3.10 (found version "3.10.6") found components: Interpreter 
-- Found lifecycle_msgs: 1.2.0 (/home/xu/esp/test/micro_ros_espidf_component/micro_ros_src/install/share/lifecycle_msgs/cmake)
-- Using all available rosidl_typesupport_c: rosidl_typesupport_introspection_c;rosidl_typesupport_microxrcedds_c
-- Found rosidl_adapter: 3.1.3 (/home/xu/esp/test/micro_ros_espidf_component/micro_ros_src/install/share/rosidl_adapter/cmake)
-- Found rcl: 5.3.2 (/home/xu/esp/test/micro_ros_espidf_component/micro_ros_src/install/share/rcl/cmake)
-- Found rmw_implementation_cmake: 6.1.0 (/home/xu/esp/test/micro_ros_espidf_component/micro_ros_src/install/share/rmw_implementation_cmake/cmake)
-- Found rmw_microxrcedds: 3.0.0 (/home/xu/esp/test/micro_ros_espidf_component/micro_ros_src/install/share/rmw_microxrcedds/cmake)
-- Using RMW implementation 'rmw_microxrcedds'
-- Configuring done
-- Generating done
-- Build files have been written to: /home/xu/esp/test/micro_ros_espidf_component/micro_ros_src/build/rcl_lifecycle
gmake[1]: Entering directory '/home/xu/esp/test/micro_ros_espidf_component/micro_ros_src/build/rcl_lifecycle'
gmake[2]: Entering directory '/home/xu/esp/test/micro_ros_espidf_component/micro_ros_src/build/rcl_lifecycle'
gmake[3]: Entering directory '/home/xu/esp/test/micro_ros_espidf_component/micro_ros_src/build/rcl_lifecycle'
gmake[3]: Leaving directory '/home/xu/esp/test/micro_ros_espidf_component/micro_ros_src/build/rcl_lifecycle'
gmake[3]: Entering directory '/home/xu/esp/test/micro_ros_espidf_component/micro_ros_src/build/rcl_lifecycle'
[ 20%] Building C object CMakeFiles/rcl_lifecycle.dir/src/com_interface.c.obj
[ 40%] Building C object CMakeFiles/rcl_lifecycle.dir/src/rcl_lifecycle.c.obj
[ 60%] Building C object CMakeFiles/rcl_lifecycle.dir/src/default_state_machine.c.obj
[ 80%] Building C object CMakeFiles/rcl_lifecycle.dir/src/transition_map.c.obj
[100%] Linking CXX static library librcl_lifecycle.a
gmake[3]: Leaving directory '/home/xu/esp/test/micro_ros_espidf_component/micro_ros_src/build/rcl_lifecycle'
[100%] Built target rcl_lifecycle
gmake[2]: Leaving directory '/home/xu/esp/test/micro_ros_espidf_component/micro_ros_src/build/rcl_lifecycle'
gmake[1]: Leaving directory '/home/xu/esp/test/micro_ros_espidf_component/micro_ros_src/build/rcl_lifecycle'
-- Install configuration: "Release"
-- Installing: /home/xu/esp/test/micro_ros_espidf_component/micro_ros_src/install/lib/librcl_lifecycle.a
-- Installing: /home/xu/esp/test/micro_ros_espidf_component/micro_ros_src/install/share/rcl_lifecycle/environment/library_path.sh
-- Installing: /home/xu/esp/test/micro_ros_espidf_component/micro_ros_src/install/share/rcl_lifecycle/environment/library_path.dsv
-- Installing: /home/xu/esp/test/micro_ros_espidf_component/micro_ros_src/install/share/ament_index/resource_index/package_run_dependencies/rcl_lifecycle
-- Installing: /home/xu/esp/test/micro_ros_espidf_component/micro_ros_src/install/share/ament_index/resource_index/parent_prefix_path/rcl_lifecycle
-- Installing: /home/xu/esp/test/micro_ros_espidf_component/micro_ros_src/install/share/rcl_lifecycle/environment/ament_prefix_path.sh
-- Installing: /home/xu/esp/test/micro_ros_espidf_component/micro_ros_src/install/share/rcl_lifecycle/environment/ament_prefix_path.dsv
-- Installing: /home/xu/esp/test/micro_ros_espidf_component/micro_ros_src/install/share/rcl_lifecycle/environment/path.sh
-- Installing: /home/xu/esp/test/micro_ros_espidf_component/micro_ros_src/install/share/rcl_lifecycle/environment/path.dsv
-- Installing: /home/xu/esp/test/micro_ros_espidf_component/micro_ros_src/install/share/rcl_lifecycle/local_setup.bash
-- Installing: /home/xu/esp/test/micro_ros_espidf_component/micro_ros_src/install/share/rcl_lifecycle/local_setup.sh
-- Installing: /home/xu/esp/test/micro_ros_espidf_component/micro_ros_src/install/share/rcl_lifecycle/local_setup.zsh
-- Installing: /home/xu/esp/test/micro_ros_espidf_component/micro_ros_src/install/share/rcl_lifecycle/local_setup.dsv
-- Installing: /home/xu/esp/test/micro_ros_espidf_component/micro_ros_src/install/share/rcl_lifecycle/package.dsv
-- Installing: /home/xu/esp/test/micro_ros_espidf_component/micro_ros_src/install/share/ament_index/resource_index/packages/rcl_lifecycle
-- Installing: /home/xu/esp/test/micro_ros_espidf_component/micro_ros_src/install/share/rcl_lifecycle/cmake/rcl_lifecycleExport.cmake
-- Installing: /home/xu/esp/test/micro_ros_espidf_component/micro_ros_src/install/share/rcl_lifecycle/cmake/rcl_lifecycleExport-release.cmake
-- Installing: /home/xu/esp/test/micro_ros_espidf_component/micro_ros_src/install/share/rcl_lifecycle/cmake/ament_cmake_export_include_directories-extras.cmake
-- Installing: /home/xu/esp/test/micro_ros_espidf_component/micro_ros_src/install/share/rcl_lifecycle/cmake/ament_cmake_export_libraries-extras.cmake
-- Installing: /home/xu/esp/test/micro_ros_espidf_component/micro_ros_src/install/share/rcl_lifecycle/cmake/ament_cmake_export_targets-extras.cmake
-- Installing: /home/xu/esp/test/micro_ros_espidf_component/micro_ros_src/install/share/rcl_lifecycle/cmake/ament_cmake_export_dependencies-extras.cmake
-- Installing: /home/xu/esp/test/micro_ros_espidf_component/micro_ros_src/install/share/rcl_lifecycle/cmake/rcl_lifecycleConfig.cmake
-- Installing: /home/xu/esp/test/micro_ros_espidf_component/micro_ros_src/install/share/rcl_lifecycle/cmake/rcl_lifecycleConfig-version.cmake
-- Installing: /home/xu/esp/test/micro_ros_espidf_component/micro_ros_src/install/share/rcl_lifecycle/package.xml
-- Installing: /home/xu/esp/test/micro_ros_espidf_component/micro_ros_src/install/include/rcl_lifecycle
-- Installing: /home/xu/esp/test/micro_ros_espidf_component/micro_ros_src/install/include/rcl_lifecycle/rcl_lifecycle
-- Installing: /home/xu/esp/test/micro_ros_espidf_component/micro_ros_src/install/include/rcl_lifecycle/rcl_lifecycle/transition_map.h
-- Installing: /home/xu/esp/test/micro_ros_espidf_component/micro_ros_src/install/include/rcl_lifecycle/rcl_lifecycle/rcl_lifecycle.h
-- Installing: /home/xu/esp/test/micro_ros_espidf_component/micro_ros_src/install/include/rcl_lifecycle/rcl_lifecycle/default_state_machine.h
-- Installing: /home/xu/esp/test/micro_ros_espidf_component/micro_ros_src/install/include/rcl_lifecycle/rcl_lifecycle/data_types.h
-- Installing: /home/xu/esp/test/micro_ros_espidf_component/micro_ros_src/install/include/rcl_lifecycle/rcl_lifecycle/visibility_control.h
